\BOOKMARK [0][-]{chapter*.2}{\376\377\000P\000r\000e\000f\000a\000c\000e}{}% 1
\BOOKMARK [1][-]{section.0.1}{\376\377\000T\000a\000r\000g\000e\000t}{chapter*.2}% 2
\BOOKMARK [1][-]{section.0.2}{\376\377\000T\000o\000p\000i\000c\000s\000/\000t\000e\000x\000t\000b\000o\000o\000k\000s}{chapter*.2}% 3
\BOOKMARK [1][-]{section.0.3}{\376\377\000R\000e\000g\000r\000e\000s\000s\000i\000o\000n\000\040\000f\000r\000o\000m\000\040\000t\000h\000e\000\040\000o\000u\000t\000s\000e\000t}{chapter*.2}% 4
\BOOKMARK [1][-]{section.0.4}{\376\377\000P\000a\000r\000a\000m\000e\000t\000e\000r\000s\000\040\000f\000i\000r\000s\000t\000,\000\040\000d\000a\000t\000a\000\040\000l\000a\000t\000e\000r}{chapter*.2}% 5
\BOOKMARK [1][-]{section.0.5}{\376\377\000L\000e\000t\000'\000s\000\040\000s\000w\000i\000t\000c\000h\000\040\000t\000o\000\040\000`\000`\000y\000-\000b\000a\000r\000'\000'\000,\000\040\000a\000n\000d\000\040\000d\000r\000o\000p\000\040\000`\000`\000x\000-\000b\000a\000r\000'\000'\000.}{chapter*.2}% 6
\BOOKMARK [1][-]{section.0.6}{\376\377\000C\000o\000m\000p\000u\000t\000i\000n\000g\000\040\000f\000r\000o\000m\000\040\000t\000h\000e\000\040\000o\000u\000t\000s\000e\000t}{chapter*.2}% 7
\BOOKMARK [1][-]{section.0.7}{\376\377\000A\000p\000p\000e\000n\000d\000i\000x\000:}{chapter*.2}% 8
\BOOKMARK [0][-]{chapter.1}{\376\377\000I\000n\000t\000r\000o\000d\000u\000c\000t\000i\000o\000n}{}% 9
\BOOKMARK [1][-]{section.1.1}{\376\377\000G\000o\000a\000l\000s}{chapter.1}% 10
\BOOKMARK [1][-]{section.1.2}{\376\377\000S\000t\000r\000u\000c\000t\000u\000r\000e}{chapter.1}% 11
\BOOKMARK [1][-]{section.1.3}{\376\377\000A\000t\000t\000i\000t\000u\000d\000e\000s\000,\000\040\000e\000t\000c\040\046\000.}{chapter.1}% 12
\BOOKMARK [-1][-]{part.1}{\376\377\000I\000\040\000P\000a\000r\000t\000\040\000I}{}% 13
\BOOKMARK [0][-]{chapter.2}{\376\377\000S\000t\000a\000t\000i\000s\000t\000i\000c\000a\000l\000\040\000P\000a\000r\000a\000m\000e\000t\000e\000r\000s}{part.1}% 14
\BOOKMARK [1][-]{section.2.1}{\376\377\000P\000a\000r\000a\000m\000e\000t\000e\000r\000s}{chapter.2}% 15
\BOOKMARK [1][-]{section.2.2}{\376\377\000P\000a\000r\000a\000m\000e\000t\000e\000r\000\040\000C\000o\000n\000t\000r\000a\000s\000t\000s}{chapter.2}% 16
\BOOKMARK [1][-]{section.2.3}{\376\377\000P\000a\000r\000a\000m\000e\000t\000e\000r\000\040\000f\000u\000n\000c\000t\000i\000o\000n\000s}{chapter.2}% 17
\BOOKMARK [1][-]{section.2.4}{\376\377\000P\000h\000r\000a\000s\000e\000o\000l\000o\000g\000y\000\040\000t\000o\000\040\000a\000v\000o\000i\000d}{chapter.2}% 18
\BOOKMARK [1][-]{section.2.5}{\376\377\000S\000U\000M\000M\000A\000R\000Y}{chapter.2}% 19
\BOOKMARK [1][-]{section.2.6}{\376\377\000E\000x\000e\000r\000c\000i\000s\000e\000s}{chapter.2}% 20
\BOOKMARK [1][-]{section.2.7}{\376\377\000R\000e\000f\000e\000r\000e\000n\000c\000e\000s}{chapter.2}% 21
\BOOKMARK [0][-]{chapter.3}{\376\377\000T\000h\000e\000\040\000p\000a\000r\000a\000m\000e\000t\000e\000r\000\040\000\134\000m\000u}{part.1}% 22
\BOOKMARK [1][-]{section.3.1}{\376\377\000T\000w\000o\000\040\000g\000e\000n\000r\000e\000s}{chapter.3}% 23
\BOOKMARK [1][-]{section.3.2}{\376\377\000F\000i\000t\000t\000i\000n\000g\000\040\000t\000h\000e\000s\000e\000\040\000t\000o\000\040\000d\000a\000t\000a\000\040\000/\000\040\000E\000s\000t\000i\000m\000a\000t\000i\000n\000g\000\040\000t\000h\000e\000m\000\040\000f\000r\000o\000m\000\040\000d\000a\000t\000a}{chapter.3}% 24
\BOOKMARK [0][-]{chapter.4}{\376\377\000T\000h\000e\000\040\000\050\000p\000r\000o\000p\000o\000r\000t\000i\000o\000n\000\051\000\040\000p\000a\000r\000a\000m\000e\000t\000e\000r\000\040\000\134\000p\000i}{part.1}% 25
\BOOKMARK [1][-]{section.4.1}{\376\377\000E\000x\000a\000m\000p\000l\000e\000\040\000o\000n\000e}{chapter.4}% 26
\BOOKMARK [1][-]{section.4.2}{\376\377\000E\000x\000a\000m\000p\000l\000e\000\040\000t\000w\000o}{chapter.4}% 27
\BOOKMARK [0][-]{chapter.5}{\376\377\000T\000h\000e\000\040\000\050\000e\000v\000e\000n\000t\000\040\000r\000a\000t\000e\000\051\000\040\000p\000a\000r\000a\000m\000e\000t\000e\000r\000\040\000\134\000l\000a\000m\000b\000d\000a}{part.1}% 28
\BOOKMARK [1][-]{section.5.1}{\376\377\000E\000t\000c}{chapter.5}% 29
\BOOKMARK [1][-]{section.5.2}{\376\377\000E\000T\000C}{chapter.5}% 30
\BOOKMARK [0][-]{chapter.6}{\376\377\000C\000o\000n\000t\000r\000a\000s\000t\000:\000\040\0002\000\040\000\134\000m\000u\000\040\000p\000a\000r\000a\000m\000e\000t\000e\000r\000s}{part.1}% 31
\BOOKMARK [1][-]{section.6.1}{\376\377\000E\000s\000t\000i\000m\000a\000n\000d\000,\000\040\000e\000s\000t\000i\000m\000a\000t\000o\000r\000,\000\040\000e\000s\000t\000i\000m\000a\000t\000e}{chapter.6}% 32
\BOOKMARK [0][-]{chapter.7}{\376\377\000C\000o\000n\000t\000r\000a\000s\000t\000:\000\040\0002\000\040\000\134\000p\000i\000\040\000p\000a\000r\000a\000m\000e\000t\000e\000r\000s}{part.1}% 33
\BOOKMARK [1][-]{section.7.1}{\376\377\000E\000s\000t\000i\000m\000a\000n\000d\000,\000\040\000e\000s\000t\000i\000m\000a\000t\000o\000r\000,\000\040\000e\000s\000t\000i\000m\000a\000t\000e}{chapter.7}% 34
\BOOKMARK [0][-]{chapter.8}{\376\377\000C\000o\000n\000t\000r\000a\000s\000t\000:\000\040\0002\000\040\000\134\000l\000a\000m\000b\000d\000a\000\040\000p\000a\000r\000a\000m\000e\000t\000e\000r\000s}{part.1}% 35
\BOOKMARK [1][-]{section.8.1}{\376\377\000E\000s\000t\000i\000m\000a\000n\000d\000,\000\040\000e\000s\000t\000i\000m\000a\000t\000o\000r\000,\000\040\000e\000s\000t\000i\000m\000a\000t\000e}{chapter.8}% 36
\BOOKMARK [-1][-]{part.2}{\376\377\000I\000I\000\040\000P\000a\000r\000t\000\040\000I\000I}{}% 37
\BOOKMARK [0][-]{chapter.9}{\376\377\000P\000r\000o\000b\000a\000b\000i\000l\000i\000t\000y}{part.2}% 38
\BOOKMARK [1][-]{section.9.1}{\376\377\000C\000o\000n\000d\000i\000t\000i\000o\000n\000a\000l\000\040\040\023\000\040\000f\000o\000r\000w\000a\000r\000d\000s}{chapter.9}% 39
\BOOKMARK [1][-]{section.9.2}{\376\377\000C\000o\000n\000d\000i\000t\000i\000o\000n\000a\000l\000\040\040\023\000\040\000r\000e\000v\000e\000r\000s\000e}{chapter.9}% 40
\BOOKMARK [0][-]{chapter.10}{\376\377\000D\000i\000s\000t\000r\000i\000b\000u\000t\000i\000o\000n\000s\000\040\000/\000R\000a\000n\000d\000o\000m\000\040\000V\000a\000r\000i\000a\000b\000l\000e\000s}{part.2}% 41
\BOOKMARK [1][-]{section.10.1}{\376\377\000G\000a\000u\000s\000s\000i\000a\000n\000\040\000B\000e\000r\000n\000o\000u\000l\000l\000i\000-\000B\000i\000n\000o\000m\000i\000a\000l\000\040\000P\000o\000i\000s\000s\000o\000n}{chapter.10}% 42
\BOOKMARK [1][-]{section.10.2}{\376\377\000E\000x\000p\000e\000c\000t\000a\000t\000i\000o\000n\000\040\000a\000n\000d\000\040\000V\000a\000r\000i\000a\000n\000c\000e}{chapter.10}% 43
\BOOKMARK [1][-]{section.10.3}{\376\377\000F\000u\000n\000c\000t\000i\000o\000n\000s\000/\000c\000o\000m\000b\000i\000n\000a\000t\000i\000o\000n\000s\000\040\000o\000f\000\040\000r\000a\000n\000d\000o\000m\000\040\000v\000a\000r\000i\000a\000b\000l\000e\000s}{chapter.10}% 44
\BOOKMARK [0][-]{chapter.11}{\376\377\000S\000t\000a\000t\000i\000s\000t\000i\000c\000a\000l\000\040\000I\000n\000f\000e\000r\000e\000n\000c\000e}{part.2}% 45
\BOOKMARK [1][-]{section.11.1}{\376\377\0002\000\040\000s\000c\000h\000o\000o\000l\000s}{chapter.11}% 46
\BOOKMARK [-1][-]{part.3}{\376\377\000I\000I\000I\000\040\000P\000a\000r\000t\000\040\000I\000I\000I}{}% 47
\BOOKMARK [0][-]{chapter.12}{\376\377\000M\000a\000t\000h\000e\000m\000a\000t\000i\000c\000s}{part.3}% 48
\BOOKMARK [1][-]{section.12.1}{\376\377\000N\000o\000t\000a\000t\000i\000o\000n}{chapter.12}% 49
\BOOKMARK [1][-]{section.12.2}{\376\377\000P\000o\000w\000e\000r\000s\000,\000\040\000L\000o\000g\000a\000r\000i\000t\000h\000m\000s\000\040\000a\000n\000d\000\040\000A\000n\000t\000i\040\023\000l\000o\000g\000a\000r\000i\000t\000h\000m\000s}{chapter.12}% 50
\BOOKMARK [0][-]{chapter.13}{\376\377\000C\000o\000m\000p\000u\000t\000i\000n\000g\000\040\000W\000e\000e\000k\000\040\0001}{part.3}% 51
\BOOKMARK [1][-]{section.13.1}{\376\377\000B\000i\000o\000l\000o\000g\000i\000c\000a\000l\000\040\000b\000a\000c\000k\000g\000r\000o\000u\000n\000d}{chapter.13}% 52
\BOOKMARK [1][-]{section.13.2}{\376\377\000S\000t\000a\000t\000i\000s\000t\000i\000c\000a\000l\000\040\000T\000a\000s\000k}{chapter.13}% 53
\BOOKMARK [0][-]{chapter.14}{\376\377\000C\000o\000m\000p\000u\000t\000i\000n\000g\000\040\000W\000e\000e\000k\0002}{part.3}% 54
\BOOKMARK [1][-]{section.14.1}{\376\377\000S\000c\000i\000e\000n\000t\000i\000f\000i\000c\000\040\000b\000a\000c\000k\000g\000r\000o\000u\000n\000d\000\040\000[\000f\000r\000o\000m\000\040\000H\000u\000g\000h\000e\000s\000*\000]}{chapter.14}% 55
\BOOKMARK [1][-]{section.14.2}{\376\377\000S\000t\000a\000t\000i\000s\000t\000i\000c\000a\000l\000\040\000T\000a\000s\000k\000s}{chapter.14}% 56
\BOOKMARK [1][-]{section.14.3}{\376\377\000O\000r\000i\000e\000n\000t\000a\000t\000i\000o\000n\000\040\000t\000o\000\040\000r\000a\000n\000d\000o\000m\000\040\000v\000a\000r\000i\000a\000t\000i\000o\000n\000\040\000i\000n\000\040\000t\000h\000e\000\040\000f\000o\000r\000m\000\040\000o\000f\000\040\000m\000e\000a\000s\000u\000r\000e\000m\000e\000n\000t\000\040\000e\000r\000r\000o\000r\000s}{chapter.14}% 57
\BOOKMARK [0][-]{chapter.15}{\376\377\000C\000o\000m\000p\000u\000t\000i\000n\000g\000\040\000W\000e\000e\000k\0003}{part.3}% 58
\BOOKMARK [1][-]{section.15.1}{\376\377\000A\000g\000e\000s\000\040\000o\000f\000\040\000b\000o\000o\000k\000s}{chapter.15}% 59
\BOOKMARK [1][-]{section.15.2}{\376\377\000n\000g\000r\000a\000m\000s}{chapter.15}% 60
\BOOKMARK [1][-]{section.15.3}{\376\377\000I\000c\000e\000\040\000B\000r\000e\000a\000k\000u\000p\000\040\000D\000a\000t\000e\000s}{chapter.15}% 61
\BOOKMARK [1][-]{section.15.4}{\376\377\000G\000a\000l\000t\000o\000n\000'\000s\000\040\000d\000a\000t\000a\000\040\000o\000n\000\040\000f\000a\000m\000i\000l\000y\000\040\000h\000e\000i\000g\000h\000t\000s}{chapter.15}% 62
\BOOKMARK [1][-]{section.15.5}{\376\377\000T\000e\000m\000p\000e\000r\000a\000t\000u\000r\000e\000\040\000p\000e\000r\000c\000e\000p\000t\000i\000o\000n\000s}{chapter.15}% 63
\BOOKMARK [1][-]{section.15.6}{\376\377\000N\000a\000t\000u\000r\000a\000l\000\040\000h\000i\000s\000t\000o\000r\000y\000\040\000o\000f\000\040\000p\000r\000o\000s\000t\000a\000t\000e\000\040\000c\000a\000n\000c\000e\000r}{chapter.15}% 64
\BOOKMARK [1][-]{section.15.7}{\376\377\000S\000e\000r\000i\000a\000l\000\040\000P\000S\000A\000\040\000v\000a\000l\000u\000e\000s}{chapter.15}% 65
\BOOKMARK [1][-]{section.15.8}{\376\377\000G\000r\000a\000p\000h\000i\000c\000s}{chapter.15}% 66
\BOOKMARK [1][-]{section.15.9}{\376\377\000P\000o\000s\000s\000i\000b\000l\000e\000\040\000B\000o\000d\000y\000\040\000M\000a\000s\000s\000\040\000I\000n\000d\000i\000c\000e\000s}{chapter.15}% 67
\BOOKMARK [1][-]{section.15.10}{\376\377\000G\000a\000l\000t\000o\000n}{chapter.15}% 68
\BOOKMARK [1][-]{section.15.11}{\376\377\000E\000p\000i\000d\000e\000m\000i\000c\000s}{chapter.15}% 69
\BOOKMARK [1][-]{section.15.12}{\376\377\000D\000u\000p\000l\000i\000c\000a\000t\000e\000\040\000B\000i\000r\000t\000h\000d\000a\000y\000s}{chapter.15}% 70
\BOOKMARK [1][-]{section.15.13}{\376\377\000L\000o\000t\000t\000e\000r\000y\000\040\000p\000a\000y\000o\000f\000f\000s}{chapter.15}% 71
\BOOKMARK [1][-]{section.15.14}{\376\377\000C\000h\000e\000v\000a\000l\000i\000e\000r\000\040\000d\000e\000\040\000M\000\351\000r\000\351}{chapter.15}% 72
\BOOKMARK [1][-]{section.15.15}{\376\377\000D\000e\000t\000e\000c\000t\000i\000n\000g\000\040\000a\000\040\000f\000a\000k\000e\000\040\000B\000e\000r\000n\000o\000u\000l\000l\000i\000\040\000s\000e\000q\000u\000e\000n\000e\000c\000e}{chapter.15}% 73
\BOOKMARK [1][-]{section.15.16}{\376\377\000C\000e\000l\000l\000\040\000o\000c\000c\000u\000p\000a\000n\000c\000y}{chapter.15}% 74
\BOOKMARK [1][-]{section.15.17}{\376\377\000L\000i\000f\000e\000\040\000T\000a\000b\000l\000e\000s}{chapter.15}% 75
\BOOKMARK [1][-]{section.15.18}{\376\377\000C\000a\000r\000r\000i\000e\000r\000\040\000S\000t\000a\000t\000u\000s\000\040\000\050\000g\000e\000n\000e\000t\000i\000c\000s\000\051}{chapter.15}% 76
\BOOKMARK [1][-]{section.15.19}{\376\377\000D\000i\000a\000g\000n\000o\000s\000t\000i\000c\000\040\000a\000n\000d\000\040\000s\000t\000a\000t\000i\000s\000t\000i\000c\000a\000l\000\040\000t\000e\000s\000t\000s}{chapter.15}% 77
\BOOKMARK [0][-]{chapter.16}{\376\377\000D\000A\000L\000I\000T\000E}{part.3}% 78
\BOOKMARK [1][-]{section.16.1}{\376\377\000A\000i\000m}{chapter.16}% 79
\BOOKMARK [1][-]{section.16.2}{\376\377\000H\000o\000w\000\040\000i\000t\000\040\000w\000o\000r\000k\000s}{chapter.16}% 80
