This is pdfTeX, Version 3.14159265-2.6-1.40.20 (TeX Live 2019) (preloaded format=pdflatex 2019.5.8)  10 MAR 2020 15:16
entering extended mode
 restricted \write18 enabled.
 file:line:error style messages enabled.
 %&-line parsing enabled.
**SampledPages.tex
(./SampledPages.tex
LaTeX2e <2018-12-01>
(/usr/local/texlive/2019/texmf-dist/tex/latex/base/article.cls
Document Class: article 2018/09/03 v1.4i Standard LaTeX document class
(/usr/local/texlive/2019/texmf-dist/tex/latex/base/size10.clo
File: size10.clo 2018/09/03 v1.4i Standard LaTeX file (size option)
)
\c@part=\count80
\c@section=\count81
\c@subsection=\count82
\c@subsubsection=\count83
\c@paragraph=\count84
\c@subparagraph=\count85
\c@figure=\count86
\c@table=\count87
\abovecaptionskip=\skip41
\belowcaptionskip=\skip42
\bibindent=\dimen102
)
(/usr/local/texlive/2019/texmf-dist/tex/latex/base/inputenc.sty
Package: inputenc 2018/08/11 v1.3c Input encoding file
\inpenc@prehook=\toks14
\inpenc@posthook=\toks15
)
(/usr/local/texlive/2019/texmf-dist/tex/generic/babel/babel.sty
Package: babel 2019/05/04 3.31 The Babel package

(/usr/local/texlive/2019/texmf-dist/tex/generic/babel/switch.def
File: switch.def 2019/05/04 3.31 Babel switching mechanism
)
(/usr/local/texlive/2019/texmf-dist/tex/generic/babel-english/english.ldf
Language: english 2017/06/06 v3.3r English support from the babel system

(/usr/local/texlive/2019/texmf-dist/tex/generic/babel/babel.def
File: babel.def 2019/05/04 3.31 Babel common definitions
\babel@savecnt=\count88
\U@D=\dimen103

(/usr/local/texlive/2019/texmf-dist/tex/generic/babel/txtbabel.def)
\bbl@dirlevel=\count89
)
\l@canadian = a dialect from \language\l@american 
\l@australian = a dialect from \language\l@british 
\l@newzealand = a dialect from \language\l@british 
))
(/usr/local/texlive/2019/texmf-dist/tex/latex/tools/multicol.sty
Package: multicol 2018/12/27 v1.8v multicolumn formatting (FMi)
\c@tracingmulticols=\count90
\mult@box=\box27
\multicol@leftmargin=\dimen104
\c@unbalance=\count91
\c@collectmore=\count92
\doublecol@number=\count93
\multicoltolerance=\count94
\multicolpretolerance=\count95
\full@width=\dimen105
\page@free=\dimen106
\premulticols=\dimen107
\postmulticols=\dimen108
\multicolsep=\skip43
\multicolbaselineskip=\skip44
\partial@page=\box28
\last@line=\box29
\maxbalancingoverflow=\dimen109
\mult@rightbox=\box30
\mult@grightbox=\box31
\mult@gfirstbox=\box32
\mult@firstbox=\box33
\@tempa=\box34
\@tempa=\box35
\@tempa=\box36
\@tempa=\box37
\@tempa=\box38
\@tempa=\box39
\@tempa=\box40
\@tempa=\box41
\@tempa=\box42
\@tempa=\box43
\@tempa=\box44
\@tempa=\box45
\@tempa=\box46
\@tempa=\box47
\@tempa=\box48
\@tempa=\box49
\@tempa=\box50
\c@columnbadness=\count96
\c@finalcolumnbadness=\count97
\last@try=\dimen110
\multicolovershoot=\dimen111
\multicolundershoot=\dimen112
\mult@nat@firstbox=\box51
\colbreak@box=\box52
\mc@col@check@num=\count98
)
(/usr/local/texlive/2019/texmf-dist/tex/latex/graphics/lscape.sty
Package: lscape 2000/10/22 v3.01 Landscape Pages (DPC)

(/usr/local/texlive/2019/texmf-dist/tex/latex/graphics/graphics.sty
Package: graphics 2017/06/25 v1.2c Standard LaTeX Graphics (DPC,SPQR)

(/usr/local/texlive/2019/texmf-dist/tex/latex/graphics/trig.sty
Package: trig 2016/01/03 v1.10 sin cos tan (DPC)
)
(/usr/local/texlive/2019/texmf-dist/tex/latex/graphics-cfg/graphics.cfg
File: graphics.cfg 2016/06/04 v1.11 sample graphics configuration
)
Package graphics Info: Driver file: pdftex.def on input line 99.

(/usr/local/texlive/2019/texmf-dist/tex/latex/graphics-def/pdftex.def
File: pdftex.def 2018/01/08 v1.0l Graphics/color driver for pdftex
)))
(/usr/local/texlive/2019/texmf-dist/tex/latex/fancyhdr/fancyhdr.sty
Package: fancyhdr 2019/01/31 v3.10 Extensive control of page headers and footer
s
\f@nch@headwidth=\skip45
\f@nch@O@elh=\skip46
\f@nch@O@erh=\skip47
\f@nch@O@olh=\skip48
\f@nch@O@orh=\skip49
\f@nch@O@elf=\skip50
\f@nch@O@erf=\skip51
\f@nch@O@olf=\skip52
\f@nch@O@orf=\skip53
)
(/usr/local/texlive/2019/texmf-dist/tex/latex/hyperref/hyperref.sty
Package: hyperref 2018/11/30 v6.88e Hypertext links for LaTeX

(/usr/local/texlive/2019/texmf-dist/tex/generic/oberdiek/hobsub-hyperref.sty
Package: hobsub-hyperref 2016/05/16 v1.14 Bundle oberdiek, subset hyperref (HO)


(/usr/local/texlive/2019/texmf-dist/tex/generic/oberdiek/hobsub-generic.sty
Package: hobsub-generic 2016/05/16 v1.14 Bundle oberdiek, subset generic (HO)
Package: hobsub 2016/05/16 v1.14 Construct package bundles (HO)
Package: infwarerr 2016/05/16 v1.4 Providing info/warning/error messages (HO)
Package: ltxcmds 2016/05/16 v1.23 LaTeX kernel commands for general use (HO)
Package: ifluatex 2016/05/16 v1.4 Provides the ifluatex switch (HO)
Package ifluatex Info: LuaTeX not detected.
Package: ifvtex 2016/05/16 v1.6 Detect VTeX and its facilities (HO)
Package ifvtex Info: VTeX not detected.
Package: intcalc 2016/05/16 v1.2 Expandable calculations with integers (HO)
Package: ifpdf 2018/09/07 v3.3 Provides the ifpdf switch
Package: etexcmds 2016/05/16 v1.6 Avoid name clashes with e-TeX commands (HO)
Package: kvsetkeys 2016/05/16 v1.17 Key value parser (HO)
Package: kvdefinekeys 2016/05/16 v1.4 Define keys (HO)
Package: pdftexcmds 2018/09/10 v0.29 Utility functions of pdfTeX for LuaTeX (HO
)
Package pdftexcmds Info: LuaTeX not detected.
Package pdftexcmds Info: \pdf@primitive is available.
Package pdftexcmds Info: \pdf@ifprimitive is available.
Package pdftexcmds Info: \pdfdraftmode found.
Package: pdfescape 2016/05/16 v1.14 Implements pdfTeX's escape features (HO)
Package: bigintcalc 2016/05/16 v1.4 Expandable calculations on big integers (HO
)
Package: bitset 2016/05/16 v1.2 Handle bit-vector datatype (HO)
Package: uniquecounter 2016/05/16 v1.3 Provide unlimited unique counter (HO)
)
Package hobsub Info: Skipping package `hobsub' (already loaded).
Package: letltxmacro 2016/05/16 v1.5 Let assignment for LaTeX macros (HO)
Package: hopatch 2016/05/16 v1.3 Wrapper for package hooks (HO)
Package: xcolor-patch 2016/05/16 xcolor patch
Package: atveryend 2016/05/16 v1.9 Hooks at the very end of document (HO)
Package atveryend Info: \enddocument detected (standard20110627).
Package: atbegshi 2016/06/09 v1.18 At begin shipout hook (HO)
Package: refcount 2016/05/16 v3.5 Data extraction from label references (HO)
Package: hycolor 2016/05/16 v1.8 Color options for hyperref/bookmark (HO)
)
(/usr/local/texlive/2019/texmf-dist/tex/latex/graphics/keyval.sty
Package: keyval 2014/10/28 v1.15 key=value parser (DPC)
\KV@toks@=\toks16
)
(/usr/local/texlive/2019/texmf-dist/tex/generic/ifxetex/ifxetex.sty
Package: ifxetex 2010/09/12 v0.6 Provides ifxetex conditional
)
(/usr/local/texlive/2019/texmf-dist/tex/latex/oberdiek/auxhook.sty
Package: auxhook 2016/05/16 v1.4 Hooks for auxiliary files (HO)
)
(/usr/local/texlive/2019/texmf-dist/tex/latex/oberdiek/kvoptions.sty
Package: kvoptions 2016/05/16 v3.12 Key value format for package options (HO)
)
\@linkdim=\dimen113
\Hy@linkcounter=\count99
\Hy@pagecounter=\count100

(/usr/local/texlive/2019/texmf-dist/tex/latex/hyperref/pd1enc.def
File: pd1enc.def 2018/11/30 v6.88e Hyperref: PDFDocEncoding definition (HO)
Now handling font encoding PD1 ...
... no UTF-8 mapping file for font encoding PD1
)
\Hy@SavedSpaceFactor=\count101

(/usr/local/texlive/2019/texmf-dist/tex/latex/latexconfig/hyperref.cfg
File: hyperref.cfg 2002/06/06 v1.2 hyperref configuration of TeXLive
)
Package hyperref Info: Hyper figures OFF on input line 4519.
Package hyperref Info: Link nesting OFF on input line 4524.
Package hyperref Info: Hyper index ON on input line 4527.
Package hyperref Info: Plain pages OFF on input line 4534.
Package hyperref Info: Backreferencing OFF on input line 4539.
Package hyperref Info: Implicit mode ON; LaTeX internals redefined.
Package hyperref Info: Bookmarks ON on input line 4772.
\c@Hy@tempcnt=\count102

(/usr/local/texlive/2019/texmf-dist/tex/latex/url/url.sty
\Urlmuskip=\muskip10
Package: url 2013/09/16  ver 3.4  Verb mode for urls, etc.
)
LaTeX Info: Redefining \url on input line 5125.
\XeTeXLinkMargin=\dimen114
\Fld@menulength=\count103
\Field@Width=\dimen115
\Fld@charsize=\dimen116
Package hyperref Info: Hyper figures OFF on input line 6380.
Package hyperref Info: Link nesting OFF on input line 6385.
Package hyperref Info: Hyper index ON on input line 6388.
Package hyperref Info: backreferencing OFF on input line 6395.
Package hyperref Info: Link coloring OFF on input line 6400.
Package hyperref Info: Link coloring with OCG OFF on input line 6405.
Package hyperref Info: PDF/A mode OFF on input line 6410.
LaTeX Info: Redefining \ref on input line 6450.
LaTeX Info: Redefining \pageref on input line 6454.
\Hy@abspage=\count104
\c@Item=\count105
\c@Hfootnote=\count106
)
Package hyperref Info: Driver (autodetected): hpdftex.

(/usr/local/texlive/2019/texmf-dist/tex/latex/hyperref/hpdftex.def
File: hpdftex.def 2018/11/30 v6.88e Hyperref driver for pdfTeX
\Fld@listcount=\count107
\c@bookmark@seq@number=\count108

(/usr/local/texlive/2019/texmf-dist/tex/latex/oberdiek/rerunfilecheck.sty
Package: rerunfilecheck 2016/05/16 v1.8 Rerun checks for auxiliary files (HO)
Package uniquecounter Info: New unique counter `rerunfilecheck' on input line 2
82.
)
\Hy@SectionHShift=\skip54
)
(/usr/local/texlive/2019/texmf-dist/tex/latex/amsmath/amsmath.sty
Package: amsmath 2018/12/01 v2.17b AMS math features
\@mathmargin=\skip55

For additional information on amsmath, use the `?' option.
(/usr/local/texlive/2019/texmf-dist/tex/latex/amsmath/amstext.sty
Package: amstext 2000/06/29 v2.01 AMS text

(/usr/local/texlive/2019/texmf-dist/tex/latex/amsmath/amsgen.sty
File: amsgen.sty 1999/11/30 v2.0 generic functions
\@emptytoks=\toks17
\ex@=\dimen117
))
(/usr/local/texlive/2019/texmf-dist/tex/latex/amsmath/amsbsy.sty
Package: amsbsy 1999/11/29 v1.2d Bold Symbols
\pmbraise@=\dimen118
)
(/usr/local/texlive/2019/texmf-dist/tex/latex/amsmath/amsopn.sty
Package: amsopn 2016/03/08 v2.02 operator names
)
\inf@bad=\count109
LaTeX Info: Redefining \frac on input line 223.
\uproot@=\count110
\leftroot@=\count111
LaTeX Info: Redefining \overline on input line 385.
\classnum@=\count112
\DOTSCASE@=\count113
LaTeX Info: Redefining \ldots on input line 482.
LaTeX Info: Redefining \dots on input line 485.
LaTeX Info: Redefining \cdots on input line 606.
\Mathstrutbox@=\box53
\strutbox@=\box54
\big@size=\dimen119
LaTeX Font Info:    Redeclaring font encoding OML on input line 729.
LaTeX Font Info:    Redeclaring font encoding OMS on input line 730.
\macc@depth=\count114
\c@MaxMatrixCols=\count115
\dotsspace@=\muskip11
\c@parentequation=\count116
\dspbrk@lvl=\count117
\tag@help=\toks18
\row@=\count118
\column@=\count119
\maxfields@=\count120
\andhelp@=\toks19
\eqnshift@=\dimen120
\alignsep@=\dimen121
\tagshift@=\dimen122
\tagwidth@=\dimen123
\totwidth@=\dimen124
\lineht@=\dimen125
\@envbody=\toks20
\multlinegap=\skip56
\multlinetaggap=\skip57
\mathdisplay@stack=\toks21
LaTeX Info: Redefining \[ on input line 2844.
LaTeX Info: Redefining \] on input line 2845.
)
(/usr/local/texlive/2019/texmf-dist/tex/latex/graphics/epsfig.sty
Package: epsfig 2017/06/25 v1.7b (e)psfig emulation (SPQR)

(/usr/local/texlive/2019/texmf-dist/tex/latex/graphics/graphicx.sty
Package: graphicx 2017/06/01 v1.1a Enhanced LaTeX Graphics (DPC,SPQR)
\Gin@req@height=\dimen126
\Gin@req@width=\dimen127
)
\epsfxsize=\dimen128
\epsfysize=\dimen129
)
(/usr/local/texlive/2019/texmf-dist/tex/latex/subfigure/subfigure.sty
Package: subfigure 2002/03/15 v2.1.5 subfigure package
\subfigtopskip=\skip58
\subfigcapskip=\skip59
\subfigcaptopadj=\dimen130
\subfigbottomskip=\skip60
\subfigcapmargin=\dimen131
\subfiglabelskip=\skip61
\c@subfigure=\count121
\c@lofdepth=\count122
\c@subtable=\count123
\c@lotdepth=\count124

****************************************
* Local config file subfigure.cfg used *
****************************************
(/usr/local/texlive/2019/texmf-dist/tex/latex/subfigure/subfigure.cfg)
\subfig@top=\skip62
\subfig@bottom=\skip63
)
(/usr/local/texlive/2019/texmf-dist/tex/latex/amscls/amsthm.sty
Package: amsthm 2017/10/31 v2.20.4
\thm@style=\toks22
\thm@bodyfont=\toks23
\thm@headfont=\toks24
\thm@notefont=\toks25
\thm@headpunct=\toks26
\thm@preskip=\skip64
\thm@postskip=\skip65
\thm@headsep=\skip66
\dth@everypar=\toks27
)
(/usr/local/texlive/2019/texmf-dist/tex/latex/amsfonts/amsfonts.sty
Package: amsfonts 2013/01/14 v3.01 Basic AMSFonts support
\symAMSa=\mathgroup4
\symAMSb=\mathgroup5
LaTeX Font Info:    Overwriting math alphabet `\mathfrak' in version `bold'
(Font)                  U/euf/m/n --> U/euf/b/n on input line 106.
)
(/usr/local/texlive/2019/texmf-dist/tex/generic/epsf/epsf.sty
This is `epsf.tex' v2.7.4 <14 February 2011>
\epsffilein=\read1
\epsfframemargin=\dimen132
\epsfframethickness=\dimen133
\epsfrsize=\dimen134
\epsftmp=\dimen135
\epsftsize=\dimen136
\epsfxsize=\dimen137
\epsfysize=\dimen138
\pspoints=\dimen139
) (/usr/local/texlive/2019/texmf-dist/tex/latex/psfrag/psfrag.sty
Package: psfrag 1998/04/11 v3.04 PSfrag (MCG)
\pfg@pcount=\count125
\pfg@scount=\count126
\pfg@temp=\write3
)
(/usr/local/texlive/2019/texmf-dist/tex/latex/graphics/rotating.sty
Package: rotating 2016/08/11 v2.16d rotated objects in LaTeX

(/usr/local/texlive/2019/texmf-dist/tex/latex/base/ifthen.sty
Package: ifthen 2014/09/29 v1.1c Standard LaTeX ifthen package (DPC)
)
\c@r@tfl@t=\count127
\rotFPtop=\skip67
\rotFPbot=\skip68
\rot@float@box=\box55
\rot@mess@toks=\toks28
)
(/usr/local/texlive/2019/texmf-dist/tex/latex/setspace/setspace.sty
Package: setspace 2011/12/19 v6.7a set line spacing
)
(/usr/local/texlive/2019/texmf-dist/tex/latex/tools/bm.sty
Package: bm 2017/01/16 v1.2c Bold Symbol Support (DPC/FMi)
\symboldoperators=\mathgroup6
\symboldletters=\mathgroup7
\symboldsymbols=\mathgroup8
LaTeX Font Info:    Redeclaring math alphabet \mathbf on input line 141.
LaTeX Info: Redefining \bm on input line 207.
)
(/usr/local/texlive/2019/texmf-dist/tex/latex/tools/verbatim.sty
Package: verbatim 2014/10/28 v1.5q LaTeX2e package for verbatim enhancements
\every@verbatim=\toks29
\verbatim@line=\toks30
\verbatim@in@stream=\read2
)
(/usr/local/texlive/2019/texmf-dist/tex/latex/listings/listings.sty
\lst@mode=\count128
\lst@gtempboxa=\box56
\lst@token=\toks31
\lst@length=\count129
\lst@currlwidth=\dimen140
\lst@column=\count130
\lst@pos=\count131
\lst@lostspace=\dimen141
\lst@width=\dimen142
\lst@newlines=\count132
\lst@lineno=\count133
\lst@maxwidth=\dimen143

(/usr/local/texlive/2019/texmf-dist/tex/latex/listings/lstmisc.sty
File: lstmisc.sty 2019/02/27 1.8b (Carsten Heinz)
\c@lstnumber=\count134
\lst@skipnumbers=\count135
\lst@framebox=\box57
)
(/usr/local/texlive/2019/texmf-dist/tex/latex/listings/listings.cfg
File: listings.cfg 2019/02/27 1.8b listings configuration
))
Package: listings 2019/02/27 1.8b (Carsten Heinz)


LaTeX Warning: Unused global option(s):
    [7pt].

(./SampledPages.aux)
\openout1 = `SampledPages.aux'.

LaTeX Font Info:    Checking defaults for OML/cmm/m/it on input line 35.
LaTeX Font Info:    ... okay on input line 35.
LaTeX Font Info:    Checking defaults for T1/cmr/m/n on input line 35.
LaTeX Font Info:    ... okay on input line 35.
LaTeX Font Info:    Checking defaults for OT1/cmr/m/n on input line 35.
LaTeX Font Info:    ... okay on input line 35.
LaTeX Font Info:    Checking defaults for OMS/cmsy/m/n on input line 35.
LaTeX Font Info:    ... okay on input line 35.
LaTeX Font Info:    Checking defaults for OMX/cmex/m/n on input line 35.
LaTeX Font Info:    ... okay on input line 35.
LaTeX Font Info:    Checking defaults for U/cmr/m/n on input line 35.
LaTeX Font Info:    ... okay on input line 35.
LaTeX Font Info:    Checking defaults for PD1/pdf/m/n on input line 35.
LaTeX Font Info:    ... okay on input line 35.

(/usr/local/texlive/2019/texmf-dist/tex/context/base/mkii/supp-pdf.mkii
[Loading MPS to PDF converter (version 2006.09.02).]
\scratchcounter=\count136
\scratchdimen=\dimen144
\scratchbox=\box58
\nofMPsegments=\count137
\nofMParguments=\count138
\everyMPshowfont=\toks32
\MPscratchCnt=\count139
\MPscratchDim=\dimen145
\MPnumerator=\count140
\makeMPintoPDFobject=\count141
\everyMPtoPDFconversion=\toks33
) (/usr/local/texlive/2019/texmf-dist/tex/latex/oberdiek/epstopdf-base.sty
Package: epstopdf-base 2016/05/15 v2.6 Base part for package epstopdf

(/usr/local/texlive/2019/texmf-dist/tex/latex/oberdiek/grfext.sty
Package: grfext 2016/05/16 v1.2 Manage graphics extensions (HO)
)
Package epstopdf-base Info: Redefining graphics rule for `.eps' on input line 4
38.
Package grfext Info: Graphics extension search list:
(grfext)             [.pdf,.png,.jpg,.mps,.jpeg,.jbig2,.jb2,.PDF,.PNG,.JPG,.JPE
G,.JBIG2,.JB2,.eps]
(grfext)             \AppendGraphicsExtensions on input line 456.

(/usr/local/texlive/2019/texmf-dist/tex/latex/latexconfig/epstopdf-sys.cfg
File: epstopdf-sys.cfg 2010/07/13 v1.3 Configuration of (r)epstopdf for TeX Liv
e
))
\AtBeginShipoutBox=\box59
Package hyperref Info: Link coloring OFF on input line 35.

(/usr/local/texlive/2019/texmf-dist/tex/latex/hyperref/nameref.sty
Package: nameref 2016/05/21 v2.44 Cross-referencing by name of section

(/usr/local/texlive/2019/texmf-dist/tex/generic/oberdiek/gettitlestring.sty
Package: gettitlestring 2016/05/16 v1.5 Cleanup title references (HO)
)
\c@section@level=\count142
)
LaTeX Info: Redefining \ref on input line 35.
LaTeX Info: Redefining \pageref on input line 35.
LaTeX Info: Redefining \nameref on input line 35.

(./SampledPages.out) (./SampledPages.out)
\@outlinefile=\write4
\openout4 = `SampledPages.out'.

\c@lstlisting=\count143


pdfTeX warning: /Library/TeX/texbin/pdflatex (file ./2018Book.pdf): PDF inclusi
on: found PDF version <1.6>, but at most version <1.5> allowed
<2018Book.pdf, id=4, page=1, 614.295pt x 1011.78pt>
File: 2018Book.pdf Graphic file (type pdf)
<use 2018Book.pdf, page 1>
Package pdftex.def Info: 2018Book.pdf , page1 used on input line 41.
(pdftex.def)             Requested size: 270.28688pt x 463.04074pt.


pdfTeX warning: /Library/TeX/texbin/pdflatex (file ./2018Book.pdf): PDF inclusi
on: found PDF version <1.6>, but at most version <1.5> allowed
<2018Book.pdf, id=6, page=2, 614.295pt x 1011.78pt>
File: 2018Book.pdf Graphic file (type pdf)
<use 2018Book.pdf, page 2>
Package pdftex.def Info: 2018Book.pdf , page2 used on input line 42.
(pdftex.def)             Requested size: 270.28688pt x 463.04074pt.
[1
Non-PDF special ignored!
<special> header=psfrag.pro

{/usr/local/texlive/2019/texmf-var/fonts/map/pdftex/updmap/pdftex.map} <./2018B
ook.pdf, page is rotated 90 degrees> <./2018Book.pdf, page is rotated 90 degree
s>]

pdfTeX warning: /Library/TeX/texbin/pdflatex (file ./2018Book.pdf): PDF inclusi
on: found PDF version <1.6>, but at most version <1.5> allowed
<2018Book.pdf, id=19, page=6, 614.295pt x 1011.78pt>
File: 2018Book.pdf Graphic file (type pdf)
<use 2018Book.pdf, page 6>
Package pdftex.def Info: 2018Book.pdf , page6 used on input line 52.
(pdftex.def)             Requested size: 238.49341pt x 455.02713pt.


pdfTeX warning: /Library/TeX/texbin/pdflatex (file ./2018Book.pdf): PDF inclusi
on: found PDF version <1.6>, but at most version <1.5> allowed
<2018Book.pdf, id=21, page=610, 614.295pt x 1011.78pt>
File: 2018Book.pdf Graphic file (type pdf)
<use 2018Book.pdf, page 610>
Package pdftex.def Info: 2018Book.pdf , page610 used on input line 53.
(pdftex.def)             Requested size: 238.49341pt x 455.02713pt.


pdfTeX warning: /Library/TeX/texbin/pdflatex (file ./2018Book.pdf): PDF inclusi
on: found PDF version <1.6>, but at most version <1.5> allowed
<2018Book.pdf, id=23, page=1215, 614.295pt x 1011.78pt>
File: 2018Book.pdf Graphic file (type pdf)
<use 2018Book.pdf, page 1215>
Package pdftex.def Info: 2018Book.pdf , page1215 used on input line 55.
(pdftex.def)             Requested size: 238.49341pt x 455.02713pt.
[2 <./2018Book.pdf, page is rotated 90 degrees> <./2018Book.pdf, page is rotate
d 90 degrees> <./2018Book.pdf, page is rotated 90 degrees>]

pdfTeX warning: /Library/TeX/texbin/pdflatex (file ./2018Book.pdf): PDF inclusi
on: found PDF version <1.6>, but at most version <1.5> allowed
<2018Book.pdf, id=37, page=11, 614.295pt x 1011.78pt>
File: 2018Book.pdf Graphic file (type pdf)
<use 2018Book.pdf, page 11>
Package pdftex.def Info: 2018Book.pdf , page11 used on input line 66.
(pdftex.def)             Requested size: 87.44717pt x 11.52614pt.


pdfTeX warning: /Library/TeX/texbin/pdflatex (file ./2018Book.pdf): PDF inclusi
on: found PDF version <1.6>, but at most version <1.5> allowed
<2018Book.pdf, id=39, page=21, 614.295pt x 1011.78pt>
File: 2018Book.pdf Graphic file (type pdf)
<use 2018Book.pdf, page 21>
Package pdftex.def Info: 2018Book.pdf , page21 used on input line 67.
(pdftex.def)             Requested size: 87.44717pt x 11.52614pt.


pdfTeX warning: /Library/TeX/texbin/pdflatex (file ./2018Book.pdf): PDF inclusi
on: found PDF version <1.6>, but at most version <1.5> allowed
<2018Book.pdf, id=41, page=31, 614.295pt x 1011.78pt>
File: 2018Book.pdf Graphic file (type pdf)
<use 2018Book.pdf, page 31>
Package pdftex.def Info: 2018Book.pdf , page31 used on input line 68.
(pdftex.def)             Requested size: 87.44717pt x 11.52614pt.


pdfTeX warning: /Library/TeX/texbin/pdflatex (file ./2018Book.pdf): PDF inclusi
on: found PDF version <1.6>, but at most version <1.5> allowed
<2018Book.pdf, id=43, page=41, 614.295pt x 1011.78pt>
File: 2018Book.pdf Graphic file (type pdf)
<use 2018Book.pdf, page 41>
Package pdftex.def Info: 2018Book.pdf , page41 used on input line 69.
(pdftex.def)             Requested size: 87.44717pt x 11.52614pt.


pdfTeX warning: /Library/TeX/texbin/pdflatex (file ./2018Book.pdf): PDF inclusi
on: found PDF version <1.6>, but at most version <1.5> allowed
<2018Book.pdf, id=45, page=51, 614.295pt x 1011.78pt>
File: 2018Book.pdf Graphic file (type pdf)
<use 2018Book.pdf, page 51>
Package pdftex.def Info: 2018Book.pdf , page51 used on input line 70.
(pdftex.def)             Requested size: 87.44717pt x 11.52614pt.


pdfTeX warning: /Library/TeX/texbin/pdflatex (file ./2018Book.pdf): PDF inclusi
on: found PDF version <1.6>, but at most version <1.5> allowed
<2018Book.pdf, id=47, page=61, 614.295pt x 1011.78pt>
File: 2018Book.pdf Graphic file (type pdf)
<use 2018Book.pdf, page 61>
Package pdftex.def Info: 2018Book.pdf , page61 used on input line 71.
(pdftex.def)             Requested size: 87.44717pt x 11.52614pt.


pdfTeX warning: /Library/TeX/texbin/pdflatex (file ./2018Book.pdf): PDF inclusi
on: found PDF version <1.6>, but at most version <1.5> allowed
<2018Book.pdf, id=49, page=71, 614.295pt x 1011.78pt>
File: 2018Book.pdf Graphic file (type pdf)
<use 2018Book.pdf, page 71>
Package pdftex.def Info: 2018Book.pdf , page71 used on input line 72.
(pdftex.def)             Requested size: 87.44717pt x 11.52614pt.


pdfTeX warning: /Library/TeX/texbin/pdflatex (file ./2018Book.pdf): PDF inclusi
on: found PDF version <1.6>, but at most version <1.5> allowed
<2018Book.pdf, id=51, page=81, 614.295pt x 1011.78pt>
File: 2018Book.pdf Graphic file (type pdf)
<use 2018Book.pdf, page 81>
Package pdftex.def Info: 2018Book.pdf , page81 used on input line 73.
(pdftex.def)             Requested size: 87.44717pt x 11.52614pt.


pdfTeX warning: /Library/TeX/texbin/pdflatex (file ./2018Book.pdf): PDF inclusi
on: found PDF version <1.6>, but at most version <1.5> allowed
<2018Book.pdf, id=53, page=91, 614.295pt x 1011.78pt>
File: 2018Book.pdf Graphic file (type pdf)
<use 2018Book.pdf, page 91>
Package pdftex.def Info: 2018Book.pdf , page91 used on input line 74.
(pdftex.def)             Requested size: 87.44717pt x 11.52614pt.


pdfTeX warning: /Library/TeX/texbin/pdflatex (file ./2018Book.pdf): PDF inclusi
on: found PDF version <1.6>, but at most version <1.5> allowed
<2018Book.pdf, id=55, page=101, 614.295pt x 1011.78pt>
File: 2018Book.pdf Graphic file (type pdf)
<use 2018Book.pdf, page 101>
Package pdftex.def Info: 2018Book.pdf , page101 used on input line 75.
(pdftex.def)             Requested size: 87.44717pt x 11.52614pt.


pdfTeX warning: /Library/TeX/texbin/pdflatex (file ./2018Book.pdf): PDF inclusi
on: found PDF version <1.6>, but at most version <1.5> allowed
<2018Book.pdf, id=57, page=111, 614.295pt x 1011.78pt>
File: 2018Book.pdf Graphic file (type pdf)
<use 2018Book.pdf, page 111>
Package pdftex.def Info: 2018Book.pdf , page111 used on input line 76.
(pdftex.def)             Requested size: 87.44717pt x 11.52614pt.


pdfTeX warning: /Library/TeX/texbin/pdflatex (file ./2018Book.pdf): PDF inclusi
on: found PDF version <1.6>, but at most version <1.5> allowed
<2018Book.pdf, id=59, page=121, 614.295pt x 1011.78pt>
File: 2018Book.pdf Graphic file (type pdf)
<use 2018Book.pdf, page 121>
Package pdftex.def Info: 2018Book.pdf , page121 used on input line 77.
(pdftex.def)             Requested size: 87.44717pt x 11.52614pt.


pdfTeX warning: /Library/TeX/texbin/pdflatex (file ./2018Book.pdf): PDF inclusi
on: found PDF version <1.6>, but at most version <1.5> allowed
<2018Book.pdf, id=61, page=131, 614.295pt x 1011.78pt>
File: 2018Book.pdf Graphic file (type pdf)
<use 2018Book.pdf, page 131>
Package pdftex.def Info: 2018Book.pdf , page131 used on input line 78.
(pdftex.def)             Requested size: 87.44717pt x 11.52614pt.


pdfTeX warning: /Library/TeX/texbin/pdflatex (file ./2018Book.pdf): PDF inclusi
on: found PDF version <1.6>, but at most version <1.5> allowed
<2018Book.pdf, id=63, page=141, 614.295pt x 1011.78pt>
File: 2018Book.pdf Graphic file (type pdf)
<use 2018Book.pdf, page 141>
Package pdftex.def Info: 2018Book.pdf , page141 used on input line 79.
(pdftex.def)             Requested size: 87.44717pt x 11.52614pt.


pdfTeX warning: /Library/TeX/texbin/pdflatex (file ./2018Book.pdf): PDF inclusi
on: found PDF version <1.6>, but at most version <1.5> allowed
<2018Book.pdf, id=65, page=151, 614.295pt x 1011.78pt>
File: 2018Book.pdf Graphic file (type pdf)
<use 2018Book.pdf, page 151>
Package pdftex.def Info: 2018Book.pdf , page151 used on input line 80.
(pdftex.def)             Requested size: 87.44717pt x 11.52614pt.


pdfTeX warning: /Library/TeX/texbin/pdflatex (file ./2018Book.pdf): PDF inclusi
on: found PDF version <1.6>, but at most version <1.5> allowed
<2018Book.pdf, id=67, page=161, 614.295pt x 1011.78pt>
File: 2018Book.pdf Graphic file (type pdf)
<use 2018Book.pdf, page 161>
Package pdftex.def Info: 2018Book.pdf , page161 used on input line 81.
(pdftex.def)             Requested size: 87.44717pt x 11.52614pt.


pdfTeX warning: /Library/TeX/texbin/pdflatex (file ./2018Book.pdf): PDF inclusi
on: found PDF version <1.6>, but at most version <1.5> allowed
<2018Book.pdf, id=69, page=171, 614.295pt x 1011.78pt>
File: 2018Book.pdf Graphic file (type pdf)
<use 2018Book.pdf, page 171>
Package pdftex.def Info: 2018Book.pdf , page171 used on input line 82.
(pdftex.def)             Requested size: 87.44717pt x 11.52614pt.


pdfTeX warning: /Library/TeX/texbin/pdflatex (file ./2018Book.pdf): PDF inclusi
on: found PDF version <1.6>, but at most version <1.5> allowed
<2018Book.pdf, id=71, page=181, 614.295pt x 1011.78pt>
File: 2018Book.pdf Graphic file (type pdf)
<use 2018Book.pdf, page 181>
Package pdftex.def Info: 2018Book.pdf , page181 used on input line 83.
(pdftex.def)             Requested size: 87.44717pt x 11.52614pt.


pdfTeX warning: /Library/TeX/texbin/pdflatex (file ./2018Book.pdf): PDF inclusi
on: found PDF version <1.6>, but at most version <1.5> allowed
<2018Book.pdf, id=73, page=191, 614.295pt x 1011.78pt>
File: 2018Book.pdf Graphic file (type pdf)
<use 2018Book.pdf, page 191>
Package pdftex.def Info: 2018Book.pdf , page191 used on input line 84.
(pdftex.def)             Requested size: 87.44717pt x 11.52614pt.


pdfTeX warning: /Library/TeX/texbin/pdflatex (file ./2018Book.pdf): PDF inclusi
on: found PDF version <1.6>, but at most version <1.5> allowed
<2018Book.pdf, id=75, page=201, 614.295pt x 1011.78pt>
File: 2018Book.pdf Graphic file (type pdf)
<use 2018Book.pdf, page 201>
Package pdftex.def Info: 2018Book.pdf , page201 used on input line 85.
(pdftex.def)             Requested size: 87.44717pt x 11.52614pt.


pdfTeX warning: /Library/TeX/texbin/pdflatex (file ./2018Book.pdf): PDF inclusi
on: found PDF version <1.6>, but at most version <1.5> allowed
<2018Book.pdf, id=77, page=211, 614.295pt x 1011.78pt>
File: 2018Book.pdf Graphic file (type pdf)
<use 2018Book.pdf, page 211>
Package pdftex.def Info: 2018Book.pdf , page211 used on input line 86.
(pdftex.def)             Requested size: 87.44717pt x 11.52614pt.


pdfTeX warning: /Library/TeX/texbin/pdflatex (file ./2018Book.pdf): PDF inclusi
on: found PDF version <1.6>, but at most version <1.5> allowed
<2018Book.pdf, id=79, page=221, 614.295pt x 1011.78pt>
File: 2018Book.pdf Graphic file (type pdf)
<use 2018Book.pdf, page 221>
Package pdftex.def Info: 2018Book.pdf , page221 used on input line 87.
(pdftex.def)             Requested size: 87.44717pt x 11.52614pt.


pdfTeX warning: /Library/TeX/texbin/pdflatex (file ./2018Book.pdf): PDF inclusi
on: found PDF version <1.6>, but at most version <1.5> allowed
<2018Book.pdf, id=81, page=231, 614.295pt x 1011.78pt>
File: 2018Book.pdf Graphic file (type pdf)
<use 2018Book.pdf, page 231>
Package pdftex.def Info: 2018Book.pdf , page231 used on input line 88.
(pdftex.def)             Requested size: 87.44717pt x 11.52614pt.


pdfTeX warning: /Library/TeX/texbin/pdflatex (file ./2018Book.pdf): PDF inclusi
on: found PDF version <1.6>, but at most version <1.5> allowed
<2018Book.pdf, id=83, page=241, 614.295pt x 1011.78pt>
File: 2018Book.pdf Graphic file (type pdf)
<use 2018Book.pdf, page 241>
Package pdftex.def Info: 2018Book.pdf , page241 used on input line 89.
(pdftex.def)             Requested size: 87.44717pt x 11.52614pt.


pdfTeX warning: /Library/TeX/texbin/pdflatex (file ./2018Book.pdf): PDF inclusi
on: found PDF version <1.6>, but at most version <1.5> allowed
<2018Book.pdf, id=85, page=251, 614.295pt x 1011.78pt>
File: 2018Book.pdf Graphic file (type pdf)
<use 2018Book.pdf, page 251>
Package pdftex.def Info: 2018Book.pdf , page251 used on input line 90.
(pdftex.def)             Requested size: 87.44717pt x 11.52614pt.


pdfTeX warning: /Library/TeX/texbin/pdflatex (file ./2018Book.pdf): PDF inclusi
on: found PDF version <1.6>, but at most version <1.5> allowed
<2018Book.pdf, id=87, page=261, 614.295pt x 1011.78pt>
File: 2018Book.pdf Graphic file (type pdf)
<use 2018Book.pdf, page 261>
Package pdftex.def Info: 2018Book.pdf , page261 used on input line 91.
(pdftex.def)             Requested size: 87.44717pt x 11.52614pt.


pdfTeX warning: /Library/TeX/texbin/pdflatex (file ./2018Book.pdf): PDF inclusi
on: found PDF version <1.6>, but at most version <1.5> allowed
<2018Book.pdf, id=89, page=271, 614.295pt x 1011.78pt>
File: 2018Book.pdf Graphic file (type pdf)
<use 2018Book.pdf, page 271>
Package pdftex.def Info: 2018Book.pdf , page271 used on input line 92.
(pdftex.def)             Requested size: 87.44717pt x 11.52614pt.


pdfTeX warning: /Library/TeX/texbin/pdflatex (file ./2018Book.pdf): PDF inclusi
on: found PDF version <1.6>, but at most version <1.5> allowed
<2018Book.pdf, id=91, page=281, 614.295pt x 1011.78pt>
File: 2018Book.pdf Graphic file (type pdf)
<use 2018Book.pdf, page 281>
Package pdftex.def Info: 2018Book.pdf , page281 used on input line 93.
(pdftex.def)             Requested size: 87.44717pt x 11.52614pt.


pdfTeX warning: /Library/TeX/texbin/pdflatex (file ./2018Book.pdf): PDF inclusi
on: found PDF version <1.6>, but at most version <1.5> allowed
<2018Book.pdf, id=93, page=291, 614.295pt x 1011.78pt>
File: 2018Book.pdf Graphic file (type pdf)
<use 2018Book.pdf, page 291>
Package pdftex.def Info: 2018Book.pdf , page291 used on input line 94.
(pdftex.def)             Requested size: 87.44717pt x 11.52614pt.


pdfTeX warning: /Library/TeX/texbin/pdflatex (file ./2018Book.pdf): PDF inclusi
on: found PDF version <1.6>, but at most version <1.5> allowed
<2018Book.pdf, id=95, page=301, 614.295pt x 1011.78pt>
File: 2018Book.pdf Graphic file (type pdf)
<use 2018Book.pdf, page 301>
Package pdftex.def Info: 2018Book.pdf , page301 used on input line 95.
(pdftex.def)             Requested size: 87.44717pt x 11.52614pt.


pdfTeX warning: /Library/TeX/texbin/pdflatex (file ./2018Book.pdf): PDF inclusi
on: found PDF version <1.6>, but at most version <1.5> allowed
<2018Book.pdf, id=97, page=311, 614.295pt x 1011.78pt>
File: 2018Book.pdf Graphic file (type pdf)
<use 2018Book.pdf, page 311>
Package pdftex.def Info: 2018Book.pdf , page311 used on input line 96.
(pdftex.def)             Requested size: 87.44717pt x 11.52614pt.


pdfTeX warning: /Library/TeX/texbin/pdflatex (file ./2018Book.pdf): PDF inclusi
on: found PDF version <1.6>, but at most version <1.5> allowed
<2018Book.pdf, id=99, page=321, 614.295pt x 1011.78pt>
File: 2018Book.pdf Graphic file (type pdf)
<use 2018Book.pdf, page 321>
Package pdftex.def Info: 2018Book.pdf , page321 used on input line 97.
(pdftex.def)             Requested size: 87.44717pt x 11.52614pt.


pdfTeX warning: /Library/TeX/texbin/pdflatex (file ./2018Book.pdf): PDF inclusi
on: found PDF version <1.6>, but at most version <1.5> allowed
<2018Book.pdf, id=101, page=331, 614.295pt x 1011.78pt>
File: 2018Book.pdf Graphic file (type pdf)
<use 2018Book.pdf, page 331>
Package pdftex.def Info: 2018Book.pdf , page331 used on input line 98.
(pdftex.def)             Requested size: 87.44717pt x 11.52614pt.


pdfTeX warning: /Library/TeX/texbin/pdflatex (file ./2018Book.pdf): PDF inclusi
on: found PDF version <1.6>, but at most version <1.5> allowed
<2018Book.pdf, id=103, page=341, 614.295pt x 1011.78pt>
File: 2018Book.pdf Graphic file (type pdf)
<use 2018Book.pdf, page 341>
Package pdftex.def Info: 2018Book.pdf , page341 used on input line 99.
(pdftex.def)             Requested size: 87.44717pt x 11.52614pt.


pdfTeX warning: /Library/TeX/texbin/pdflatex (file ./2018Book.pdf): PDF inclusi
on: found PDF version <1.6>, but at most version <1.5> allowed
<2018Book.pdf, id=105, page=351, 614.295pt x 1011.78pt>
File: 2018Book.pdf Graphic file (type pdf)
<use 2018Book.pdf, page 351>
Package pdftex.def Info: 2018Book.pdf , page351 used on input line 100.
(pdftex.def)             Requested size: 87.44717pt x 11.52614pt.


pdfTeX warning: /Library/TeX/texbin/pdflatex (file ./2018Book.pdf): PDF inclusi
on: found PDF version <1.6>, but at most version <1.5> allowed
<2018Book.pdf, id=107, page=361, 614.295pt x 1011.78pt>
File: 2018Book.pdf Graphic file (type pdf)
<use 2018Book.pdf, page 361>
Package pdftex.def Info: 2018Book.pdf , page361 used on input line 101.
(pdftex.def)             Requested size: 87.44717pt x 11.52614pt.


pdfTeX warning: /Library/TeX/texbin/pdflatex (file ./2018Book.pdf): PDF inclusi
on: found PDF version <1.6>, but at most version <1.5> allowed
<2018Book.pdf, id=109, page=371, 614.295pt x 1011.78pt>
File: 2018Book.pdf Graphic file (type pdf)
<use 2018Book.pdf, page 371>
Package pdftex.def Info: 2018Book.pdf , page371 used on input line 102.
(pdftex.def)             Requested size: 87.44717pt x 11.52614pt.


pdfTeX warning: /Library/TeX/texbin/pdflatex (file ./2018Book.pdf): PDF inclusi
on: found PDF version <1.6>, but at most version <1.5> allowed
<2018Book.pdf, id=111, page=381, 614.295pt x 1011.78pt>
File: 2018Book.pdf Graphic file (type pdf)
<use 2018Book.pdf, page 381>
Package pdftex.def Info: 2018Book.pdf , page381 used on input line 103.
(pdftex.def)             Requested size: 87.44717pt x 11.52614pt.


pdfTeX warning: /Library/TeX/texbin/pdflatex (file ./2018Book.pdf): PDF inclusi
on: found PDF version <1.6>, but at most version <1.5> allowed
<2018Book.pdf, id=113, page=391, 614.295pt x 1011.78pt>
File: 2018Book.pdf Graphic file (type pdf)
<use 2018Book.pdf, page 391>
Package pdftex.def Info: 2018Book.pdf , page391 used on input line 104.
(pdftex.def)             Requested size: 87.44717pt x 11.52614pt.


pdfTeX warning: /Library/TeX/texbin/pdflatex (file ./2018Book.pdf): PDF inclusi
on: found PDF version <1.6>, but at most version <1.5> allowed
<2018Book.pdf, id=115, page=401, 614.295pt x 1011.78pt>
File: 2018Book.pdf Graphic file (type pdf)
<use 2018Book.pdf, page 401>
Package pdftex.def Info: 2018Book.pdf , page401 used on input line 105.
(pdftex.def)             Requested size: 87.44717pt x 11.52614pt.


pdfTeX warning: /Library/TeX/texbin/pdflatex (file ./2018Book.pdf): PDF inclusi
on: found PDF version <1.6>, but at most version <1.5> allowed
<2018Book.pdf, id=117, page=411, 614.295pt x 1011.78pt>
File: 2018Book.pdf Graphic file (type pdf)
<use 2018Book.pdf, page 411>
Package pdftex.def Info: 2018Book.pdf , page411 used on input line 106.
(pdftex.def)             Requested size: 87.44717pt x 11.52614pt.


pdfTeX warning: /Library/TeX/texbin/pdflatex (file ./2018Book.pdf): PDF inclusi
on: found PDF version <1.6>, but at most version <1.5> allowed
<2018Book.pdf, id=119, page=421, 614.295pt x 1011.78pt>
File: 2018Book.pdf Graphic file (type pdf)
<use 2018Book.pdf, page 421>
Package pdftex.def Info: 2018Book.pdf , page421 used on input line 107.
(pdftex.def)             Requested size: 87.44717pt x 11.52614pt.


pdfTeX warning: /Library/TeX/texbin/pdflatex (file ./2018Book.pdf): PDF inclusi
on: found PDF version <1.6>, but at most version <1.5> allowed
<2018Book.pdf, id=121, page=431, 614.295pt x 1011.78pt>
File: 2018Book.pdf Graphic file (type pdf)
<use 2018Book.pdf, page 431>
Package pdftex.def Info: 2018Book.pdf , page431 used on input line 108.
(pdftex.def)             Requested size: 87.44717pt x 11.52614pt.


pdfTeX warning: /Library/TeX/texbin/pdflatex (file ./2018Book.pdf): PDF inclusi
on: found PDF version <1.6>, but at most version <1.5> allowed
<2018Book.pdf, id=123, page=441, 614.295pt x 1011.78pt>
File: 2018Book.pdf Graphic file (type pdf)
<use 2018Book.pdf, page 441>
Package pdftex.def Info: 2018Book.pdf , page441 used on input line 109.
(pdftex.def)             Requested size: 87.44717pt x 11.52614pt.


pdfTeX warning: /Library/TeX/texbin/pdflatex (file ./2018Book.pdf): PDF inclusi
on: found PDF version <1.6>, but at most version <1.5> allowed
<2018Book.pdf, id=125, page=451, 614.295pt x 1011.78pt>
File: 2018Book.pdf Graphic file (type pdf)
<use 2018Book.pdf, page 451>
Package pdftex.def Info: 2018Book.pdf , page451 used on input line 110.
(pdftex.def)             Requested size: 87.44717pt x 11.52614pt.


pdfTeX warning: /Library/TeX/texbin/pdflatex (file ./2018Book.pdf): PDF inclusi
on: found PDF version <1.6>, but at most version <1.5> allowed
<2018Book.pdf, id=127, page=461, 614.295pt x 1011.78pt>
File: 2018Book.pdf Graphic file (type pdf)
<use 2018Book.pdf, page 461>
Package pdftex.def Info: 2018Book.pdf , page461 used on input line 111.
(pdftex.def)             Requested size: 87.44717pt x 11.52614pt.


pdfTeX warning: /Library/TeX/texbin/pdflatex (file ./2018Book.pdf): PDF inclusi
on: found PDF version <1.6>, but at most version <1.5> allowed
<2018Book.pdf, id=129, page=471, 614.295pt x 1011.78pt>
File: 2018Book.pdf Graphic file (type pdf)
<use 2018Book.pdf, page 471>
Package pdftex.def Info: 2018Book.pdf , page471 used on input line 112.
(pdftex.def)             Requested size: 87.44717pt x 11.52614pt.


pdfTeX warning: /Library/TeX/texbin/pdflatex (file ./2018Book.pdf): PDF inclusi
on: found PDF version <1.6>, but at most version <1.5> allowed
<2018Book.pdf, id=131, page=481, 614.295pt x 1011.78pt>
File: 2018Book.pdf Graphic file (type pdf)
<use 2018Book.pdf, page 481>
Package pdftex.def Info: 2018Book.pdf , page481 used on input line 113.
(pdftex.def)             Requested size: 87.44717pt x 11.52614pt.


pdfTeX warning: /Library/TeX/texbin/pdflatex (file ./2018Book.pdf): PDF inclusi
on: found PDF version <1.6>, but at most version <1.5> allowed
<2018Book.pdf, id=133, page=491, 614.295pt x 1011.78pt>
File: 2018Book.pdf Graphic file (type pdf)
<use 2018Book.pdf, page 491>
Package pdftex.def Info: 2018Book.pdf , page491 used on input line 114.
(pdftex.def)             Requested size: 87.44717pt x 11.52614pt.


pdfTeX warning: /Library/TeX/texbin/pdflatex (file ./2018Book.pdf): PDF inclusi
on: found PDF version <1.6>, but at most version <1.5> allowed
<2018Book.pdf, id=135, page=501, 614.295pt x 1011.78pt>
File: 2018Book.pdf Graphic file (type pdf)
<use 2018Book.pdf, page 501>
Package pdftex.def Info: 2018Book.pdf , page501 used on input line 115.
(pdftex.def)             Requested size: 87.44717pt x 11.52614pt.


pdfTeX warning: /Library/TeX/texbin/pdflatex (file ./2018Book.pdf): PDF inclusi
on: found PDF version <1.6>, but at most version <1.5> allowed
<2018Book.pdf, id=137, page=511, 614.295pt x 1011.78pt>
File: 2018Book.pdf Graphic file (type pdf)
<use 2018Book.pdf, page 511>
Package pdftex.def Info: 2018Book.pdf , page511 used on input line 116.
(pdftex.def)             Requested size: 87.44717pt x 11.52614pt.


pdfTeX warning: /Library/TeX/texbin/pdflatex (file ./2018Book.pdf): PDF inclusi
on: found PDF version <1.6>, but at most version <1.5> allowed
<2018Book.pdf, id=139, page=521, 614.295pt x 1011.78pt>
File: 2018Book.pdf Graphic file (type pdf)
<use 2018Book.pdf, page 521>
Package pdftex.def Info: 2018Book.pdf , page521 used on input line 117.
(pdftex.def)             Requested size: 87.44717pt x 11.52614pt.


pdfTeX warning: /Library/TeX/texbin/pdflatex (file ./2018Book.pdf): PDF inclusi
on: found PDF version <1.6>, but at most version <1.5> allowed
<2018Book.pdf, id=141, page=531, 614.295pt x 1011.78pt>
File: 2018Book.pdf Graphic file (type pdf)
<use 2018Book.pdf, page 531>
Package pdftex.def Info: 2018Book.pdf , page531 used on input line 118.
(pdftex.def)             Requested size: 87.44717pt x 11.52614pt.


pdfTeX warning: /Library/TeX/texbin/pdflatex (file ./2018Book.pdf): PDF inclusi
on: found PDF version <1.6>, but at most version <1.5> allowed
<2018Book.pdf, id=143, page=541, 614.295pt x 1011.78pt>
File: 2018Book.pdf Graphic file (type pdf)
<use 2018Book.pdf, page 541>
Package pdftex.def Info: 2018Book.pdf , page541 used on input line 119.
(pdftex.def)             Requested size: 87.44717pt x 11.52614pt.


pdfTeX warning: /Library/TeX/texbin/pdflatex (file ./2018Book.pdf): PDF inclusi
on: found PDF version <1.6>, but at most version <1.5> allowed
<2018Book.pdf, id=145, page=551, 614.295pt x 1011.78pt>
File: 2018Book.pdf Graphic file (type pdf)
<use 2018Book.pdf, page 551>
Package pdftex.def Info: 2018Book.pdf , page551 used on input line 120.
(pdftex.def)             Requested size: 87.44717pt x 11.52614pt.


pdfTeX warning: /Library/TeX/texbin/pdflatex (file ./2018Book.pdf): PDF inclusi
on: found PDF version <1.6>, but at most version <1.5> allowed
<2018Book.pdf, id=147, page=561, 614.295pt x 1011.78pt>
File: 2018Book.pdf Graphic file (type pdf)
<use 2018Book.pdf, page 561>
Package pdftex.def Info: 2018Book.pdf , page561 used on input line 121.
(pdftex.def)             Requested size: 87.44717pt x 11.52614pt.


pdfTeX warning: /Library/TeX/texbin/pdflatex (file ./2018Book.pdf): PDF inclusi
on: found PDF version <1.6>, but at most version <1.5> allowed
<2018Book.pdf, id=149, page=571, 614.295pt x 1011.78pt>
File: 2018Book.pdf Graphic file (type pdf)
<use 2018Book.pdf, page 571>
Package pdftex.def Info: 2018Book.pdf , page571 used on input line 122.
(pdftex.def)             Requested size: 87.44717pt x 11.52614pt.


pdfTeX warning: /Library/TeX/texbin/pdflatex (file ./2018Book.pdf): PDF inclusi
on: found PDF version <1.6>, but at most version <1.5> allowed
<2018Book.pdf, id=151, page=581, 614.295pt x 1011.78pt>
File: 2018Book.pdf Graphic file (type pdf)
<use 2018Book.pdf, page 581>
Package pdftex.def Info: 2018Book.pdf , page581 used on input line 123.
(pdftex.def)             Requested size: 87.44717pt x 11.52614pt.


pdfTeX warning: /Library/TeX/texbin/pdflatex (file ./2018Book.pdf): PDF inclusi
on: found PDF version <1.6>, but at most version <1.5> allowed
<2018Book.pdf, id=153, page=591, 614.295pt x 1011.78pt>
File: 2018Book.pdf Graphic file (type pdf)
<use 2018Book.pdf, page 591>
Package pdftex.def Info: 2018Book.pdf , page591 used on input line 124.
(pdftex.def)             Requested size: 87.44717pt x 11.52614pt.


pdfTeX warning: /Library/TeX/texbin/pdflatex (file ./2018Book.pdf): PDF inclusi
on: found PDF version <1.6>, but at most version <1.5> allowed
<2018Book.pdf, id=155, page=601, 614.295pt x 1011.78pt>
File: 2018Book.pdf Graphic file (type pdf)
<use 2018Book.pdf, page 601>
Package pdftex.def Info: 2018Book.pdf , page601 used on input line 125.
(pdftex.def)             Requested size: 87.44717pt x 11.52614pt.


pdfTeX warning: /Library/TeX/texbin/pdflatex (file ./2018Book.pdf): PDF inclusi
on: found PDF version <1.6>, but at most version <1.5> allowed
<2018Book.pdf, id=157, page=611, 614.295pt x 1011.78pt>
File: 2018Book.pdf Graphic file (type pdf)
<use 2018Book.pdf, page 611>
Package pdftex.def Info: 2018Book.pdf , page611 used on input line 126.
(pdftex.def)             Requested size: 87.44717pt x 11.52614pt.


pdfTeX warning: /Library/TeX/texbin/pdflatex (file ./2018Book.pdf): PDF inclusi
on: found PDF version <1.6>, but at most version <1.5> allowed
<2018Book.pdf, id=159, page=621, 614.295pt x 1011.78pt>
File: 2018Book.pdf Graphic file (type pdf)
<use 2018Book.pdf, page 621>
Package pdftex.def Info: 2018Book.pdf , page621 used on input line 127.
(pdftex.def)             Requested size: 87.44717pt x 11.52614pt.


pdfTeX warning: /Library/TeX/texbin/pdflatex (file ./2018Book.pdf): PDF inclusi
on: found PDF version <1.6>, but at most version <1.5> allowed
<2018Book.pdf, id=161, page=631, 614.295pt x 1011.78pt>
File: 2018Book.pdf Graphic file (type pdf)
<use 2018Book.pdf, page 631>
Package pdftex.def Info: 2018Book.pdf , page631 used on input line 128.
(pdftex.def)             Requested size: 87.44717pt x 11.52614pt.


pdfTeX warning: /Library/TeX/texbin/pdflatex (file ./2018Book.pdf): PDF inclusi
on: found PDF version <1.6>, but at most version <1.5> allowed
<2018Book.pdf, id=163, page=641, 614.295pt x 1011.78pt>
File: 2018Book.pdf Graphic file (type pdf)
<use 2018Book.pdf, page 641>
Package pdftex.def Info: 2018Book.pdf , page641 used on input line 129.
(pdftex.def)             Requested size: 87.44717pt x 11.52614pt.


pdfTeX warning: /Library/TeX/texbin/pdflatex (file ./2018Book.pdf): PDF inclusi
on: found PDF version <1.6>, but at most version <1.5> allowed
<2018Book.pdf, id=165, page=651, 614.295pt x 1011.78pt>
File: 2018Book.pdf Graphic file (type pdf)
<use 2018Book.pdf, page 651>
Package pdftex.def Info: 2018Book.pdf , page651 used on input line 130.
(pdftex.def)             Requested size: 87.44717pt x 11.52614pt.


pdfTeX warning: /Library/TeX/texbin/pdflatex (file ./2018Book.pdf): PDF inclusi
on: found PDF version <1.6>, but at most version <1.5> allowed
<2018Book.pdf, id=167, page=661, 614.295pt x 1011.78pt>
File: 2018Book.pdf Graphic file (type pdf)
<use 2018Book.pdf, page 661>
Package pdftex.def Info: 2018Book.pdf , page661 used on input line 131.
(pdftex.def)             Requested size: 87.44717pt x 11.52614pt.


pdfTeX warning: /Library/TeX/texbin/pdflatex (file ./2018Book.pdf): PDF inclusi
on: found PDF version <1.6>, but at most version <1.5> allowed
<2018Book.pdf, id=169, page=671, 614.295pt x 1011.78pt>
File: 2018Book.pdf Graphic file (type pdf)
<use 2018Book.pdf, page 671>
Package pdftex.def Info: 2018Book.pdf , page671 used on input line 132.
(pdftex.def)             Requested size: 87.44717pt x 11.52614pt.


pdfTeX warning: /Library/TeX/texbin/pdflatex (file ./2018Book.pdf): PDF inclusi
on: found PDF version <1.6>, but at most version <1.5> allowed
<2018Book.pdf, id=171, page=681, 614.295pt x 1011.78pt>
File: 2018Book.pdf Graphic file (type pdf)
<use 2018Book.pdf, page 681>
Package pdftex.def Info: 2018Book.pdf , page681 used on input line 133.
(pdftex.def)             Requested size: 87.44717pt x 11.52614pt.


pdfTeX warning: /Library/TeX/texbin/pdflatex (file ./2018Book.pdf): PDF inclusi
on: found PDF version <1.6>, but at most version <1.5> allowed
<2018Book.pdf, id=173, page=691, 614.295pt x 1011.78pt>
File: 2018Book.pdf Graphic file (type pdf)
<use 2018Book.pdf, page 691>
Package pdftex.def Info: 2018Book.pdf , page691 used on input line 134.
(pdftex.def)             Requested size: 87.44717pt x 11.52614pt.


pdfTeX warning: /Library/TeX/texbin/pdflatex (file ./2018Book.pdf): PDF inclusi
on: found PDF version <1.6>, but at most version <1.5> allowed
<2018Book.pdf, id=175, page=701, 614.295pt x 1011.78pt>
File: 2018Book.pdf Graphic file (type pdf)
<use 2018Book.pdf, page 701>
Package pdftex.def Info: 2018Book.pdf , page701 used on input line 135.
(pdftex.def)             Requested size: 87.44717pt x 11.52614pt.


pdfTeX warning: /Library/TeX/texbin/pdflatex (file ./2018Book.pdf): PDF inclusi
on: found PDF version <1.6>, but at most version <1.5> allowed
<2018Book.pdf, id=177, page=711, 614.295pt x 1011.78pt>
File: 2018Book.pdf Graphic file (type pdf)
<use 2018Book.pdf, page 711>
Package pdftex.def Info: 2018Book.pdf , page711 used on input line 136.
(pdftex.def)             Requested size: 87.44717pt x 11.52614pt.


pdfTeX warning: /Library/TeX/texbin/pdflatex (file ./2018Book.pdf): PDF inclusi
on: found PDF version <1.6>, but at most version <1.5> allowed
<2018Book.pdf, id=179, page=721, 614.295pt x 1011.78pt>
File: 2018Book.pdf Graphic file (type pdf)
<use 2018Book.pdf, page 721>
Package pdftex.def Info: 2018Book.pdf , page721 used on input line 137.
(pdftex.def)             Requested size: 87.44717pt x 11.52614pt.


pdfTeX warning: /Library/TeX/texbin/pdflatex (file ./2018Book.pdf): PDF inclusi
on: found PDF version <1.6>, but at most version <1.5> allowed
<2018Book.pdf, id=181, page=731, 614.295pt x 1011.78pt>
File: 2018Book.pdf Graphic file (type pdf)
<use 2018Book.pdf, page 731>
Package pdftex.def Info: 2018Book.pdf , page731 used on input line 138.
(pdftex.def)             Requested size: 87.44717pt x 11.52614pt.


pdfTeX warning: /Library/TeX/texbin/pdflatex (file ./2018Book.pdf): PDF inclusi
on: found PDF version <1.6>, but at most version <1.5> allowed
<2018Book.pdf, id=183, page=741, 614.295pt x 1011.78pt>
File: 2018Book.pdf Graphic file (type pdf)
<use 2018Book.pdf, page 741>
Package pdftex.def Info: 2018Book.pdf , page741 used on input line 139.
(pdftex.def)             Requested size: 87.44717pt x 11.52614pt.


pdfTeX warning: /Library/TeX/texbin/pdflatex (file ./2018Book.pdf): PDF inclusi
on: found PDF version <1.6>, but at most version <1.5> allowed
<2018Book.pdf, id=185, page=751, 614.295pt x 1011.78pt>
File: 2018Book.pdf Graphic file (type pdf)
<use 2018Book.pdf, page 751>
Package pdftex.def Info: 2018Book.pdf , page751 used on input line 140.
(pdftex.def)             Requested size: 87.44717pt x 11.52614pt.


pdfTeX warning: /Library/TeX/texbin/pdflatex (file ./2018Book.pdf): PDF inclusi
on: found PDF version <1.6>, but at most version <1.5> allowed
<2018Book.pdf, id=187, page=761, 614.295pt x 1011.78pt>
File: 2018Book.pdf Graphic file (type pdf)
<use 2018Book.pdf, page 761>
Package pdftex.def Info: 2018Book.pdf , page761 used on input line 141.
(pdftex.def)             Requested size: 87.44717pt x 11.52614pt.


pdfTeX warning: /Library/TeX/texbin/pdflatex (file ./2018Book.pdf): PDF inclusi
on: found PDF version <1.6>, but at most version <1.5> allowed
<2018Book.pdf, id=189, page=771, 614.295pt x 1011.78pt>
File: 2018Book.pdf Graphic file (type pdf)
<use 2018Book.pdf, page 771>
Package pdftex.def Info: 2018Book.pdf , page771 used on input line 142.
(pdftex.def)             Requested size: 87.44717pt x 11.52614pt.


pdfTeX warning: /Library/TeX/texbin/pdflatex (file ./2018Book.pdf): PDF inclusi
on: found PDF version <1.6>, but at most version <1.5> allowed
<2018Book.pdf, id=191, page=781, 614.295pt x 1011.78pt>
File: 2018Book.pdf Graphic file (type pdf)
<use 2018Book.pdf, page 781>
Package pdftex.def Info: 2018Book.pdf , page781 used on input line 143.
(pdftex.def)             Requested size: 87.44717pt x 11.52614pt.


pdfTeX warning: /Library/TeX/texbin/pdflatex (file ./2018Book.pdf): PDF inclusi
on: found PDF version <1.6>, but at most version <1.5> allowed
<2018Book.pdf, id=193, page=791, 614.295pt x 1011.78pt>
File: 2018Book.pdf Graphic file (type pdf)
<use 2018Book.pdf, page 791>
Package pdftex.def Info: 2018Book.pdf , page791 used on input line 144.
(pdftex.def)             Requested size: 87.44717pt x 11.52614pt.


pdfTeX warning: /Library/TeX/texbin/pdflatex (file ./2018Book.pdf): PDF inclusi
on: found PDF version <1.6>, but at most version <1.5> allowed
<2018Book.pdf, id=195, page=801, 614.295pt x 1011.78pt>
File: 2018Book.pdf Graphic file (type pdf)
<use 2018Book.pdf, page 801>
Package pdftex.def Info: 2018Book.pdf , page801 used on input line 145.
(pdftex.def)             Requested size: 87.44717pt x 11.52614pt.


pdfTeX warning: /Library/TeX/texbin/pdflatex (file ./2018Book.pdf): PDF inclusi
on: found PDF version <1.6>, but at most version <1.5> allowed
<2018Book.pdf, id=197, page=811, 614.295pt x 1011.78pt>
File: 2018Book.pdf Graphic file (type pdf)
<use 2018Book.pdf, page 811>
Package pdftex.def Info: 2018Book.pdf , page811 used on input line 146.
(pdftex.def)             Requested size: 87.44717pt x 11.52614pt.


pdfTeX warning: /Library/TeX/texbin/pdflatex (file ./2018Book.pdf): PDF inclusi
on: found PDF version <1.6>, but at most version <1.5> allowed
<2018Book.pdf, id=199, page=821, 614.295pt x 1011.78pt>
File: 2018Book.pdf Graphic file (type pdf)
<use 2018Book.pdf, page 821>
Package pdftex.def Info: 2018Book.pdf , page821 used on input line 147.
(pdftex.def)             Requested size: 87.44717pt x 11.52614pt.


pdfTeX warning: /Library/TeX/texbin/pdflatex (file ./2018Book.pdf): PDF inclusi
on: found PDF version <1.6>, but at most version <1.5> allowed
<2018Book.pdf, id=201, page=831, 614.295pt x 1011.78pt>
File: 2018Book.pdf Graphic file (type pdf)
<use 2018Book.pdf, page 831>
Package pdftex.def Info: 2018Book.pdf , page831 used on input line 148.
(pdftex.def)             Requested size: 87.44717pt x 11.52614pt.


pdfTeX warning: /Library/TeX/texbin/pdflatex (file ./2018Book.pdf): PDF inclusi
on: found PDF version <1.6>, but at most version <1.5> allowed
<2018Book.pdf, id=203, page=841, 614.295pt x 1011.78pt>
File: 2018Book.pdf Graphic file (type pdf)
<use 2018Book.pdf, page 841>
Package pdftex.def Info: 2018Book.pdf , page841 used on input line 149.
(pdftex.def)             Requested size: 87.44717pt x 11.52614pt.


pdfTeX warning: /Library/TeX/texbin/pdflatex (file ./2018Book.pdf): PDF inclusi
on: found PDF version <1.6>, but at most version <1.5> allowed
<2018Book.pdf, id=205, page=851, 614.295pt x 1011.78pt>
File: 2018Book.pdf Graphic file (type pdf)
<use 2018Book.pdf, page 851>
Package pdftex.def Info: 2018Book.pdf , page851 used on input line 150.
(pdftex.def)             Requested size: 87.44717pt x 11.52614pt.


pdfTeX warning: /Library/TeX/texbin/pdflatex (file ./2018Book.pdf): PDF inclusi
on: found PDF version <1.6>, but at most version <1.5> allowed
<2018Book.pdf, id=207, page=861, 614.295pt x 1011.78pt>
File: 2018Book.pdf Graphic file (type pdf)
<use 2018Book.pdf, page 861>
Package pdftex.def Info: 2018Book.pdf , page861 used on input line 151.
(pdftex.def)             Requested size: 87.44717pt x 11.52614pt.


pdfTeX warning: /Library/TeX/texbin/pdflatex (file ./2018Book.pdf): PDF inclusi
on: found PDF version <1.6>, but at most version <1.5> allowed
<2018Book.pdf, id=209, page=871, 614.295pt x 1011.78pt>
File: 2018Book.pdf Graphic file (type pdf)
<use 2018Book.pdf, page 871>
Package pdftex.def Info: 2018Book.pdf , page871 used on input line 152.
(pdftex.def)             Requested size: 87.44717pt x 11.52614pt.


pdfTeX warning: /Library/TeX/texbin/pdflatex (file ./2018Book.pdf): PDF inclusi
on: found PDF version <1.6>, but at most version <1.5> allowed
<2018Book.pdf, id=211, page=881, 614.295pt x 1011.78pt>
File: 2018Book.pdf Graphic file (type pdf)
<use 2018Book.pdf, page 881>
Package pdftex.def Info: 2018Book.pdf , page881 used on input line 153.
(pdftex.def)             Requested size: 87.44717pt x 11.52614pt.


pdfTeX warning: /Library/TeX/texbin/pdflatex (file ./2018Book.pdf): PDF inclusi
on: found PDF version <1.6>, but at most version <1.5> allowed
<2018Book.pdf, id=213, page=891, 614.295pt x 1011.78pt>
File: 2018Book.pdf Graphic file (type pdf)
<use 2018Book.pdf, page 891>
Package pdftex.def Info: 2018Book.pdf , page891 used on input line 154.
(pdftex.def)             Requested size: 87.44717pt x 11.52614pt.


pdfTeX warning: /Library/TeX/texbin/pdflatex (file ./2018Book.pdf): PDF inclusi
on: found PDF version <1.6>, but at most version <1.5> allowed
<2018Book.pdf, id=215, page=901, 614.295pt x 1011.78pt>
File: 2018Book.pdf Graphic file (type pdf)
<use 2018Book.pdf, page 901>
Package pdftex.def Info: 2018Book.pdf , page901 used on input line 155.
(pdftex.def)             Requested size: 87.44717pt x 11.52614pt.


pdfTeX warning: /Library/TeX/texbin/pdflatex (file ./2018Book.pdf): PDF inclusi
on: found PDF version <1.6>, but at most version <1.5> allowed
<2018Book.pdf, id=217, page=911, 614.295pt x 1011.78pt>
File: 2018Book.pdf Graphic file (type pdf)
<use 2018Book.pdf, page 911>
Package pdftex.def Info: 2018Book.pdf , page911 used on input line 156.
(pdftex.def)             Requested size: 87.44717pt x 11.52614pt.


pdfTeX warning: /Library/TeX/texbin/pdflatex (file ./2018Book.pdf): PDF inclusi
on: found PDF version <1.6>, but at most version <1.5> allowed
<2018Book.pdf, id=219, page=921, 614.295pt x 1011.78pt>
File: 2018Book.pdf Graphic file (type pdf)
<use 2018Book.pdf, page 921>
Package pdftex.def Info: 2018Book.pdf , page921 used on input line 157.
(pdftex.def)             Requested size: 87.44717pt x 11.52614pt.


pdfTeX warning: /Library/TeX/texbin/pdflatex (file ./2018Book.pdf): PDF inclusi
on: found PDF version <1.6>, but at most version <1.5> allowed
<2018Book.pdf, id=221, page=931, 614.295pt x 1011.78pt>
File: 2018Book.pdf Graphic file (type pdf)
<use 2018Book.pdf, page 931>
Package pdftex.def Info: 2018Book.pdf , page931 used on input line 158.
(pdftex.def)             Requested size: 87.44717pt x 11.52614pt.


pdfTeX warning: /Library/TeX/texbin/pdflatex (file ./2018Book.pdf): PDF inclusi
on: found PDF version <1.6>, but at most version <1.5> allowed
<2018Book.pdf, id=223, page=941, 614.295pt x 1011.78pt>
File: 2018Book.pdf Graphic file (type pdf)
<use 2018Book.pdf, page 941>
Package pdftex.def Info: 2018Book.pdf , page941 used on input line 159.
(pdftex.def)             Requested size: 87.44717pt x 11.52614pt.


pdfTeX warning: /Library/TeX/texbin/pdflatex (file ./2018Book.pdf): PDF inclusi
on: found PDF version <1.6>, but at most version <1.5> allowed
<2018Book.pdf, id=225, page=951, 614.295pt x 1011.78pt>
File: 2018Book.pdf Graphic file (type pdf)
<use 2018Book.pdf, page 951>
Package pdftex.def Info: 2018Book.pdf , page951 used on input line 160.
(pdftex.def)             Requested size: 87.44717pt x 11.52614pt.


pdfTeX warning: /Library/TeX/texbin/pdflatex (file ./2018Book.pdf): PDF inclusi
on: found PDF version <1.6>, but at most version <1.5> allowed
<2018Book.pdf, id=227, page=961, 614.295pt x 1011.78pt>
File: 2018Book.pdf Graphic file (type pdf)
<use 2018Book.pdf, page 961>
Package pdftex.def Info: 2018Book.pdf , page961 used on input line 161.
(pdftex.def)             Requested size: 87.44717pt x 11.52614pt.


pdfTeX warning: /Library/TeX/texbin/pdflatex (file ./2018Book.pdf): PDF inclusi
on: found PDF version <1.6>, but at most version <1.5> allowed
<2018Book.pdf, id=229, page=971, 614.295pt x 1011.78pt>
File: 2018Book.pdf Graphic file (type pdf)
<use 2018Book.pdf, page 971>
Package pdftex.def Info: 2018Book.pdf , page971 used on input line 162.
(pdftex.def)             Requested size: 87.44717pt x 11.52614pt.


pdfTeX warning: /Library/TeX/texbin/pdflatex (file ./2018Book.pdf): PDF inclusi
on: found PDF version <1.6>, but at most version <1.5> allowed
<2018Book.pdf, id=231, page=981, 614.295pt x 1011.78pt>
File: 2018Book.pdf Graphic file (type pdf)
<use 2018Book.pdf, page 981>
Package pdftex.def Info: 2018Book.pdf , page981 used on input line 163.
(pdftex.def)             Requested size: 87.44717pt x 11.52614pt.


pdfTeX warning: /Library/TeX/texbin/pdflatex (file ./2018Book.pdf): PDF inclusi
on: found PDF version <1.6>, but at most version <1.5> allowed
<2018Book.pdf, id=233, page=991, 614.295pt x 1011.78pt>
File: 2018Book.pdf Graphic file (type pdf)
<use 2018Book.pdf, page 991>
Package pdftex.def Info: 2018Book.pdf , page991 used on input line 164.
(pdftex.def)             Requested size: 87.44717pt x 11.52614pt.


pdfTeX warning: /Library/TeX/texbin/pdflatex (file ./2018Book.pdf): PDF inclusi
on: found PDF version <1.6>, but at most version <1.5> allowed
<2018Book.pdf, id=235, page=1001, 614.295pt x 1011.78pt>
File: 2018Book.pdf Graphic file (type pdf)
<use 2018Book.pdf, page 1001>
Package pdftex.def Info: 2018Book.pdf , page1001 used on input line 165.
(pdftex.def)             Requested size: 87.44717pt x 11.52614pt.


pdfTeX warning: /Library/TeX/texbin/pdflatex (file ./2018Book.pdf): PDF inclusi
on: found PDF version <1.6>, but at most version <1.5> allowed
<2018Book.pdf, id=237, page=1011, 614.295pt x 1011.78pt>
File: 2018Book.pdf Graphic file (type pdf)
<use 2018Book.pdf, page 1011>
Package pdftex.def Info: 2018Book.pdf , page1011 used on input line 166.
(pdftex.def)             Requested size: 87.44717pt x 11.52614pt.


pdfTeX warning: /Library/TeX/texbin/pdflatex (file ./2018Book.pdf): PDF inclusi
on: found PDF version <1.6>, but at most version <1.5> allowed
<2018Book.pdf, id=239, page=1021, 614.295pt x 1011.78pt>
File: 2018Book.pdf Graphic file (type pdf)
<use 2018Book.pdf, page 1021>
Package pdftex.def Info: 2018Book.pdf , page1021 used on input line 167.
(pdftex.def)             Requested size: 87.44717pt x 11.52614pt.


pdfTeX warning: /Library/TeX/texbin/pdflatex (file ./2018Book.pdf): PDF inclusi
on: found PDF version <1.6>, but at most version <1.5> allowed
<2018Book.pdf, id=241, page=1031, 614.295pt x 1011.78pt>
File: 2018Book.pdf Graphic file (type pdf)
<use 2018Book.pdf, page 1031>
Package pdftex.def Info: 2018Book.pdf , page1031 used on input line 168.
(pdftex.def)             Requested size: 87.44717pt x 11.52614pt.


pdfTeX warning: /Library/TeX/texbin/pdflatex (file ./2018Book.pdf): PDF inclusi
on: found PDF version <1.6>, but at most version <1.5> allowed
<2018Book.pdf, id=243, page=1041, 614.295pt x 1011.78pt>
File: 2018Book.pdf Graphic file (type pdf)
<use 2018Book.pdf, page 1041>
Package pdftex.def Info: 2018Book.pdf , page1041 used on input line 169.
(pdftex.def)             Requested size: 87.44717pt x 11.52614pt.


pdfTeX warning: /Library/TeX/texbin/pdflatex (file ./2018Book.pdf): PDF inclusi
on: found PDF version <1.6>, but at most version <1.5> allowed
<2018Book.pdf, id=245, page=1051, 614.295pt x 1011.78pt>
File: 2018Book.pdf Graphic file (type pdf)
<use 2018Book.pdf, page 1051>
Package pdftex.def Info: 2018Book.pdf , page1051 used on input line 170.
(pdftex.def)             Requested size: 87.44717pt x 11.52614pt.


pdfTeX warning: /Library/TeX/texbin/pdflatex (file ./2018Book.pdf): PDF inclusi
on: found PDF version <1.6>, but at most version <1.5> allowed
<2018Book.pdf, id=247, page=1061, 614.295pt x 1011.78pt>
File: 2018Book.pdf Graphic file (type pdf)
<use 2018Book.pdf, page 1061>
Package pdftex.def Info: 2018Book.pdf , page1061 used on input line 171.
(pdftex.def)             Requested size: 87.44717pt x 11.52614pt.


pdfTeX warning: /Library/TeX/texbin/pdflatex (file ./2018Book.pdf): PDF inclusi
on: found PDF version <1.6>, but at most version <1.5> allowed
<2018Book.pdf, id=249, page=1071, 614.295pt x 1011.78pt>
File: 2018Book.pdf Graphic file (type pdf)
<use 2018Book.pdf, page 1071>
Package pdftex.def Info: 2018Book.pdf , page1071 used on input line 172.
(pdftex.def)             Requested size: 87.44717pt x 11.52614pt.


pdfTeX warning: /Library/TeX/texbin/pdflatex (file ./2018Book.pdf): PDF inclusi
on: found PDF version <1.6>, but at most version <1.5> allowed
<2018Book.pdf, id=251, page=1081, 614.295pt x 1011.78pt>
File: 2018Book.pdf Graphic file (type pdf)
<use 2018Book.pdf, page 1081>
Package pdftex.def Info: 2018Book.pdf , page1081 used on input line 173.
(pdftex.def)             Requested size: 87.44717pt x 11.52614pt.


pdfTeX warning: /Library/TeX/texbin/pdflatex (file ./2018Book.pdf): PDF inclusi
on: found PDF version <1.6>, but at most version <1.5> allowed
<2018Book.pdf, id=253, page=1091, 614.295pt x 1011.78pt>
File: 2018Book.pdf Graphic file (type pdf)
<use 2018Book.pdf, page 1091>
Package pdftex.def Info: 2018Book.pdf , page1091 used on input line 174.
(pdftex.def)             Requested size: 87.44717pt x 11.52614pt.


pdfTeX warning: /Library/TeX/texbin/pdflatex (file ./2018Book.pdf): PDF inclusi
on: found PDF version <1.6>, but at most version <1.5> allowed
<2018Book.pdf, id=255, page=1101, 614.295pt x 1011.78pt>
File: 2018Book.pdf Graphic file (type pdf)
<use 2018Book.pdf, page 1101>
Package pdftex.def Info: 2018Book.pdf , page1101 used on input line 175.
(pdftex.def)             Requested size: 87.44717pt x 11.52614pt.


pdfTeX warning: /Library/TeX/texbin/pdflatex (file ./2018Book.pdf): PDF inclusi
on: found PDF version <1.6>, but at most version <1.5> allowed
<2018Book.pdf, id=257, page=1111, 614.295pt x 1011.78pt>
File: 2018Book.pdf Graphic file (type pdf)
<use 2018Book.pdf, page 1111>
Package pdftex.def Info: 2018Book.pdf , page1111 used on input line 176.
(pdftex.def)             Requested size: 87.44717pt x 11.52614pt.


pdfTeX warning: /Library/TeX/texbin/pdflatex (file ./2018Book.pdf): PDF inclusi
on: found PDF version <1.6>, but at most version <1.5> allowed
<2018Book.pdf, id=259, page=1121, 614.295pt x 1011.78pt>
File: 2018Book.pdf Graphic file (type pdf)
<use 2018Book.pdf, page 1121>
Package pdftex.def Info: 2018Book.pdf , page1121 used on input line 177.
(pdftex.def)             Requested size: 87.44717pt x 11.52614pt.


pdfTeX warning: /Library/TeX/texbin/pdflatex (file ./2018Book.pdf): PDF inclusi
on: found PDF version <1.6>, but at most version <1.5> allowed
<2018Book.pdf, id=261, page=1131, 614.295pt x 1011.78pt>
File: 2018Book.pdf Graphic file (type pdf)
<use 2018Book.pdf, page 1131>
Package pdftex.def Info: 2018Book.pdf , page1131 used on input line 178.
(pdftex.def)             Requested size: 87.44717pt x 11.52614pt.


pdfTeX warning: /Library/TeX/texbin/pdflatex (file ./2018Book.pdf): PDF inclusi
on: found PDF version <1.6>, but at most version <1.5> allowed
<2018Book.pdf, id=263, page=1141, 614.295pt x 1011.78pt>
File: 2018Book.pdf Graphic file (type pdf)
<use 2018Book.pdf, page 1141>
Package pdftex.def Info: 2018Book.pdf , page1141 used on input line 179.
(pdftex.def)             Requested size: 87.44717pt x 11.52614pt.


pdfTeX warning: /Library/TeX/texbin/pdflatex (file ./2018Book.pdf): PDF inclusi
on: found PDF version <1.6>, but at most version <1.5> allowed
<2018Book.pdf, id=265, page=1151, 614.295pt x 1011.78pt>
File: 2018Book.pdf Graphic file (type pdf)
<use 2018Book.pdf, page 1151>
Package pdftex.def Info: 2018Book.pdf , page1151 used on input line 180.
(pdftex.def)             Requested size: 87.44717pt x 11.52614pt.


pdfTeX warning: /Library/TeX/texbin/pdflatex (file ./2018Book.pdf): PDF inclusi
on: found PDF version <1.6>, but at most version <1.5> allowed
<2018Book.pdf, id=267, page=1161, 614.295pt x 1011.78pt>
File: 2018Book.pdf Graphic file (type pdf)
<use 2018Book.pdf, page 1161>
Package pdftex.def Info: 2018Book.pdf , page1161 used on input line 181.
(pdftex.def)             Requested size: 87.44717pt x 11.52614pt.


pdfTeX warning: /Library/TeX/texbin/pdflatex (file ./2018Book.pdf): PDF inclusi
on: found PDF version <1.6>, but at most version <1.5> allowed
<2018Book.pdf, id=269, page=1171, 614.295pt x 1011.78pt>
File: 2018Book.pdf Graphic file (type pdf)
<use 2018Book.pdf, page 1171>
Package pdftex.def Info: 2018Book.pdf , page1171 used on input line 182.
(pdftex.def)             Requested size: 87.44717pt x 11.52614pt.


pdfTeX warning: /Library/TeX/texbin/pdflatex (file ./2018Book.pdf): PDF inclusi
on: found PDF version <1.6>, but at most version <1.5> allowed
<2018Book.pdf, id=271, page=1181, 614.295pt x 1011.78pt>
File: 2018Book.pdf Graphic file (type pdf)
<use 2018Book.pdf, page 1181>
Package pdftex.def Info: 2018Book.pdf , page1181 used on input line 183.
(pdftex.def)             Requested size: 87.44717pt x 11.52614pt.


pdfTeX warning: /Library/TeX/texbin/pdflatex (file ./2018Book.pdf): PDF inclusi
on: found PDF version <1.6>, but at most version <1.5> allowed
<2018Book.pdf, id=273, page=1191, 614.295pt x 1011.78pt>
File: 2018Book.pdf Graphic file (type pdf)
<use 2018Book.pdf, page 1191>
Package pdftex.def Info: 2018Book.pdf , page1191 used on input line 184.
(pdftex.def)             Requested size: 87.44717pt x 11.52614pt.


pdfTeX warning: /Library/TeX/texbin/pdflatex (file ./2018Book.pdf): PDF inclusi
on: found PDF version <1.6>, but at most version <1.5> allowed
<2018Book.pdf, id=275, page=1201, 614.295pt x 1011.78pt>
File: 2018Book.pdf Graphic file (type pdf)
<use 2018Book.pdf, page 1201>
Package pdftex.def Info: 2018Book.pdf , page1201 used on input line 185.
(pdftex.def)             Requested size: 87.44717pt x 11.52614pt.
Package atveryend Info: Empty hook `BeforeClearDocument' on input line 192.
[3 <./2018Book.pdf, page is rotated 90 degrees> <./2018Book.pdf, page is rotate
d 90 degrees> <./2018Book.pdf, page is rotated 90 degrees> <./2018Book.pdf, pag
e is rotated 90 degrees> <./2018Book.pdf, page is rotated 90 degrees> <./2018Bo
ok.pdf, page is rotated 90 degrees> <./2018Book.pdf, page is rotated 90 degrees
> <./2018Book.pdf, page is rotated 90 degrees> <./2018Book.pdf, page is rotated
 90 degrees> <./2018Book.pdf, page is rotated 90 degrees> <./2018Book.pdf, page
 is rotated 90 degrees> <./2018Book.pdf, page is rotated 90 degrees> <./2018Boo
k.pdf, page is rotated 90 degrees> <./2018Book.pdf, page is rotated 90 degrees>
 <./2018Book.pdf, page is rotated 90 degrees> <./2018Book.pdf, page is rotated 
90 degrees> <./2018Book.pdf, page is rotated 90 degrees> <./2018Book.pdf, page 
is rotated 90 degrees> <./2018Book.pdf, page is rotated 90 degrees> <./2018Book
.pdf, page is rotated 90 degrees> <./2018Book.pdf, page is rotated 90 degrees> 
<./2018Book.pdf, page is rotated 90 degrees> <./2018Book.pdf, page is rotated 9
0 degrees> <./2018Book.pdf, page is rotated 90 degrees> <./2018Book.pdf, page i
s rotated 90 degrees> <./2018Book.pdf, page is rotated 90 degrees> <./2018Book.
pdf, page is rotated 90 degrees> <./2018Book.pdf, page is rotated 90 degrees> <
./2018Book.pdf, page is rotated 90 degrees> <./2018Book.pdf, page is rotated 90
 degrees> <./2018Book.pdf, page is rotated 90 degrees> <./2018Book.pdf, page is
 rotated 90 degrees> <./2018Book.pdf, page is rotated 90 degrees> <./2018Book.p
df, page is rotated 90 degrees> <./2018Book.pdf, page is rotated 90 degrees> <.
/2018Book.pdf, page is rotated 90 degrees> <./2018Book.pdf, page is rotated 90 
degrees> <./2018Book.pdf, page is rotated 90 degrees> <./2018Book.pdf, page is 
rotated 90 degrees> <./2018Book.pdf, page is rotated 90 degrees> <./2018Book.pd
f, page is rotated 90 degrees> <./2018Book.pdf, page is rotated 90 degrees> <./
2018Book.pdf, page is rotated 90 degrees> <./2018Book.pdf, page is rotated 90 d
egrees> <./2018Book.pdf, page is rotated 90 degrees> <./2018Book.pdf, page is r
otated 90 degrees> <./2018Book.pdf, page is rotated 90 degrees> <./2018Book.pdf
, page is rotated 90 degrees> <./2018Book.pdf, page is rotated 90 degrees> <./2
018Book.pdf, page is rotated 90 degrees> <./2018Book.pdf, page is rotated 90 de
grees> <./2018Book.pdf, page is rotated 90 degrees> <./2018Book.pdf, page is ro
tated 90 degrees> <./2018Book.pdf, page is rotated 90 degrees> <./2018Book.pdf,
 page is rotated 90 degrees> <./2018Book.pdf, page is rotated 90 degrees> <./20
18Book.pdf, page is rotated 90 degrees> <./2018Book.pdf, page is rotated 90 deg
rees> <./2018Book.pdf, page is rotated 90 degrees> <./2018Book.pdf, page is rot
ated 90 degrees> <./2018Book.pdf, page is rotated 90 degrees> <./2018Book.pdf, 
page is rotated 90 degrees> <./2018Book.pdf, page is rotated 90 degrees> <./201
8Book.pdf, page is rotated 90 degrees> <./2018Book.pdf, page is rotated 90 degr
ees> <./2018Book.pdf, page is rotated 90 degrees> <./2018Book.pdf, page is rota
ted 90 degrees> <./2018Book.pdf, page is rotated 90 degrees> <./2018Book.pdf, p
age is rotated 90 degrees> <./2018Book.pdf, page is rotated 90 degrees> <./2018
Book.pdf, page is rotated 90 degrees> <./2018Book.pdf, page is rotated 90 degre
es> <./2018Book.pdf, page is rotated 90 degrees> <./2018Book.pdf, page is rotat
ed 90 degrees> <./2018Book.pdf, page is rotated 90 degrees> <./2018Book.pdf, pa
ge is rotated 90 degrees> <./2018Book.pdf, page is rotated 90 degrees> <./2018B
ook.pdf, page is rotated 90 degrees> <./2018Book.pdf, page is rotated 90 degree
s> <./2018Book.pdf, page is rotated 90 degrees> <./2018Book.pdf, page is rotate
d 90 degrees> <./2018Book.pdf, page is rotated 90 degrees> <./2018Book.pdf, pag
e is rotated 90 degrees> <./2018Book.pdf, page is rotated 90 degrees> <./2018Bo
ok.pdf, page is rotated 90 degrees> <./2018Book.pdf, page is rotated 90 degrees
> <./2018Book.pdf, page is rotated 90 degrees> <./2018Book.pdf, page is rotated
 90 degrees> <./2018Book.pdf, page is rotated 90 degrees> <./2018Book.pdf, page
 is rotated 90 degrees> <./2018Book.pdf, page is rotated 90 degrees> <./2018Boo
k.pdf, page is rotated 90 degrees> <./2018Book.pdf, page is rotated 90 degrees>
 <./2018Book.pdf, page is rotated 90 degrees> <./2018Book.pdf, page is rotated 
90 degrees> <./2018Book.pdf, page is rotated 90 degrees> <./2018Book.pdf, page 
is rotated 90 degrees> <./2018Book.pdf, page is rotated 90 degrees> <./2018Book
.pdf, page is rotated 90 degrees> <./2018Book.pdf, page is rotated 90 degrees> 
<./2018Book.pdf, page is rotated 90 degrees> <./2018Book.pdf, page is rotated 9
0 degrees> <./2018Book.pdf, page is rotated 90 degrees> <./2018Book.pdf, page i
s rotated 90 degrees> <./2018Book.pdf, page is rotated 90 degrees> <./2018Book.
pdf, page is rotated 90 degrees> <./2018Book.pdf, page is rotated 90 degrees> <
./2018Book.pdf, page is rotated 90 degrees> <./2018Book.pdf, page is rotated 90
 degrees> <./2018Book.pdf, page is rotated 90 degrees> <./2018Book.pdf, page is
 rotated 90 degrees> <./2018Book.pdf, page is rotated 90 degrees> <./2018Book.p
df, page is rotated 90 degrees> <./2018Book.pdf, page is rotated 90 degrees> <.
/2018Book.pdf, page is rotated 90 degrees> <./2018Book.pdf, page is rotated 90 
degrees> <./2018Book.pdf, page is rotated 90 degrees> <./2018Book.pdf, page is 
rotated 90 degrees> <./2018Book.pdf, page is rotated 90 degrees> <./2018Book.pd
f, page is rotated 90 degrees>]
Package atveryend Info: Empty hook `AfterLastShipout' on input line 192.
 (./SampledPages.aux)
Package atveryend Info: Executing hook `AtVeryEndDocument' on input line 192.
Package atveryend Info: Executing hook `AtEndAfterFileList' on input line 192.
Package rerunfilecheck Info: File `SampledPages.out' has not changed.
(rerunfilecheck)             Checksum: D41D8CD98F00B204E9800998ECF8427E;0.
Package atveryend Info: Empty hook `AtVeryVeryEnd' on input line 192.
 ) 
Here is how much of TeX's memory you used:
 8698 strings out of 492616
 131496 string characters out of 6129482
 279016 words of memory out of 5000000
 12515 multiletter control sequences out of 15000+600000
 3938 words of font info for 15 fonts, out of 8000000 for 9000
 1141 hyphenation exceptions out of 8191
 28i,6n,43p,208b,338s stack positions out of 5000i,500n,10000p,200000b,80000s
</usr/local/texlive/2019/texmf-dist/fonts/type1/public/amsfonts/cm/cmr10.pfb>
</usr/local/texlive/2019/texmf-dist/fonts/type1/public/amsfonts/cm/cmr12.pfb>
Output written on SampledPages.pdf (3 pages, 7089293 bytes).
PDF statistics:
 533 PDF objects out of 1000 (max. 8388607)
 149 compressed objects within 2 object streams
 4 named destinations out of 1000 (max. 500000)
 1376 words of extra memory for PDF output out of 10000 (max. 10000000)

